{"/Users/hansen/Documents/GitHub/shredindex-frontend/.storybook/preview.js": {"path":"/Users/hansen/Documents/GitHub/shredindex-frontend/.storybook/preview.js","statementMap":{"0":{"start":{"line":6,"column":24},"end":{"line":6,"column":85}}},"fnMap":{"0":{"name":"(anonymous_0)","decl":{"start":{"line":6,"column":15},"end":{"line":6,"column":16}},"loc":{"start":{"line":6,"column":24},"end":{"line":6,"column":85}},"line":6}},"branchMap":{},"s":{"0":529},"f":{"0":529},"b":{},"_coverageSchema":"1a1c01bbd47fc00a2c39e90264f33305004495a9","hash":"15890c72a39f15d275f22706f832941d2f36ed28"}
,"/Users/hansen/Documents/GitHub/shredindex-frontend/components/Advertisers/Accomodation/Accomodation.tsx": {"path":"/Users/hansen/Documents/GitHub/shredindex-frontend/components/Advertisers/Accomodation/Accomodation.tsx","statementMap":{"0":{"start":{"line":9,"column":46},"end":{"line":35,"column":1}},"1":{"start":{"line":10,"column":2},"end":{"line":34,"column":5}}},"fnMap":{"0":{"name":"(anonymous_0)","decl":{"start":{"line":9,"column":46},"end":{"line":9,"column":47}},"loc":{"start":{"line":10,"column":2},"end":{"line":34,"column":5}},"line":10}},"branchMap":{"0":{"loc":{"start":{"line":16,"column":20},"end":{"line":16,"column":38}},"type":"binary-expr","locations":[{"start":{"line":16,"column":20},"end":{"line":16,"column":32}},{"start":{"line":16,"column":36},"end":{"line":16,"column":38}}],"line":16}},"s":{"0":0,"1":0},"f":{"0":0},"b":{"0":[0,0]}}
,"/Users/hansen/Documents/GitHub/shredindex-frontend/components/Advertisers/AdvertiseHere/AdvertiseHere.tsx": {"path":"/Users/hansen/Documents/GitHub/shredindex-frontend/components/Advertisers/AdvertiseHere/AdvertiseHere.tsx","statementMap":{"0":{"start":{"line":7,"column":47},"end":{"line":27,"column":1}},"1":{"start":{"line":8,"column":2},"end":{"line":26,"column":4}}},"fnMap":{"0":{"name":"(anonymous_0)","decl":{"start":{"line":7,"column":47},"end":{"line":7,"column":48}},"loc":{"start":{"line":7,"column":69},"end":{"line":27,"column":1}},"line":7}},"branchMap":{},"s":{"0":0,"1":0},"f":{"0":0},"b":{}}
,"/Users/hansen/Documents/GitHub/shredindex-frontend/components/Advertisers/Gear/Gear.tsx": {"path":"/Users/hansen/Documents/GitHub/shredindex-frontend/components/Advertisers/Gear/Gear.tsx","statementMap":{"0":{"start":{"line":6,"column":23},"end":{"line":21,"column":1}},"1":{"start":{"line":7,"column":2},"end":{"line":20,"column":5}}},"fnMap":{"0":{"name":"(anonymous_0)","decl":{"start":{"line":6,"column":23},"end":{"line":6,"column":24}},"loc":{"start":{"line":7,"column":2},"end":{"line":20,"column":5}},"line":7}},"branchMap":{},"s":{"0":0,"1":0},"f":{"0":0},"b":{}}
,"/Users/hansen/Documents/GitHub/shredindex-frontend/components/CountrySelect/CountrySelect.tsx": {"path":"/Users/hansen/Documents/GitHub/shredindex-frontend/components/CountrySelect/CountrySelect.tsx","statementMap":{"0":{"start":{"line":15,"column":32},"end":{"line":151,"column":1}},"1":{"start":{"line":16,"column":34},"end":{"line":16,"column":78}},"2":{"start":{"line":17,"column":34},"end":{"line":17,"column":76}},"3":{"start":{"line":17,"column":48},"end":{"line":17,"column":71}},"4":{"start":{"line":19,"column":29},"end":{"line":28,"column":56}},"5":{"start":{"line":20,"column":31},"end":{"line":20,"column":71}},"6":{"start":{"line":21,"column":4},"end":{"line":26,"column":5}},"7":{"start":{"line":22,"column":6},"end":{"line":25,"column":9}},"8":{"start":{"line":23,"column":26},"end":{"line":23,"column":53}},"9":{"start":{"line":24,"column":8},"end":{"line":24,"column":80}},"10":{"start":{"line":27,"column":4},"end":{"line":27,"column":24}},"11":{"start":{"line":30,"column":23},"end":{"line":41,"column":3}},"12":{"start":{"line":33,"column":33},"end":{"line":33,"column":71}},"13":{"start":{"line":33,"column":58},"end":{"line":33,"column":70}},"14":{"start":{"line":34,"column":4},"end":{"line":40,"column":8}},"15":{"start":{"line":34,"column":31},"end":{"line":40,"column":5}},"16":{"start":{"line":43,"column":52},"end":{"line":121,"column":3}},"17":{"start":{"line":44,"column":35},"end":{"line":53,"column":5}},"18":{"start":{"line":54,"column":25},"end":{"line":58,"column":5}},"19":{"start":{"line":61,"column":6},"end":{"line":67,"column":7}},"20":{"start":{"line":62,"column":8},"end":{"line":62,"column":36}},"21":{"start":{"line":63,"column":13},"end":{"line":67,"column":7}},"22":{"start":{"line":64,"column":8},"end":{"line":64,"column":36}},"23":{"start":{"line":66,"column":8},"end":{"line":66,"column":36}},"24":{"start":{"line":69,"column":6},"end":{"line":77,"column":8}},"25":{"start":{"line":79,"column":31},"end":{"line":82,"column":5}},"26":{"start":{"line":83,"column":36},"end":{"line":86,"column":5}},"27":{"start":{"line":87,"column":37},"end":{"line":94,"column":5}},"28":{"start":{"line":95,"column":32},"end":{"line":98,"column":5}},"29":{"start":{"line":99,"column":32},"end":{"line":102,"column":5}},"30":{"start":{"line":103,"column":26},"end":{"line":106,"column":5}},"31":{"start":{"line":107,"column":38},"end":{"line":113,"column":5}},"32":{"start":{"line":114,"column":35},"end":{"line":120,"column":5}},"33":{"start":{"line":123,"column":28},"end":{"line":134,"column":3}},"34":{"start":{"line":124,"column":4},"end":{"line":133,"column":10}},"35":{"start":{"line":136,"column":2},"end":{"line":150,"column":4}},"36":{"start":{"line":142,"column":22},"end":{"line":142,"column":78}}},"fnMap":{"0":{"name":"(anonymous_0)","decl":{"start":{"line":15,"column":32},"end":{"line":15,"column":33}},"loc":{"start":{"line":15,"column":38},"end":{"line":151,"column":1}},"line":15},"1":{"name":"(anonymous_1)","decl":{"start":{"line":17,"column":42},"end":{"line":17,"column":43}},"loc":{"start":{"line":17,"column":48},"end":{"line":17,"column":71}},"line":17},"2":{"name":"(anonymous_2)","decl":{"start":{"line":19,"column":37},"end":{"line":19,"column":38}},"loc":{"start":{"line":19,"column":43},"end":{"line":28,"column":3}},"line":19},"3":{"name":"(anonymous_3)","decl":{"start":{"line":22,"column":33},"end":{"line":22,"column":34}},"loc":{"start":{"line":22,"column":46},"end":{"line":25,"column":7}},"line":22},"4":{"name":"(anonymous_4)","decl":{"start":{"line":30,"column":23},"end":{"line":30,"column":24}},"loc":{"start":{"line":32,"column":7},"end":{"line":41,"column":3}},"line":32},"5":{"name":"(anonymous_5)","decl":{"start":{"line":33,"column":46},"end":{"line":33,"column":47}},"loc":{"start":{"line":33,"column":58},"end":{"line":33,"column":70}},"line":33},"6":{"name":"(anonymous_6)","decl":{"start":{"line":34,"column":16},"end":{"line":34,"column":17}},"loc":{"start":{"line":34,"column":31},"end":{"line":40,"column":5}},"line":34},"7":{"name":"(anonymous_7)","decl":{"start":{"line":44,"column":13},"end":{"line":44,"column":14}},"loc":{"start":{"line":44,"column":35},"end":{"line":53,"column":5}},"line":44},"8":{"name":"(anonymous_8)","decl":{"start":{"line":54,"column":10},"end":{"line":54,"column":11}},"loc":{"start":{"line":54,"column":25},"end":{"line":58,"column":5}},"line":54},"9":{"name":"(anonymous_9)","decl":{"start":{"line":59,"column":12},"end":{"line":59,"column":13}},"loc":{"start":{"line":59,"column":33},"end":{"line":78,"column":5}},"line":59},"10":{"name":"(anonymous_10)","decl":{"start":{"line":79,"column":16},"end":{"line":79,"column":17}},"loc":{"start":{"line":79,"column":31},"end":{"line":82,"column":5}},"line":79},"11":{"name":"(anonymous_11)","decl":{"start":{"line":83,"column":21},"end":{"line":83,"column":22}},"loc":{"start":{"line":83,"column":36},"end":{"line":86,"column":5}},"line":83},"12":{"name":"(anonymous_12)","decl":{"start":{"line":87,"column":22},"end":{"line":87,"column":23}},"loc":{"start":{"line":87,"column":37},"end":{"line":94,"column":5}},"line":87},"13":{"name":"(anonymous_13)","decl":{"start":{"line":95,"column":17},"end":{"line":95,"column":18}},"loc":{"start":{"line":95,"column":32},"end":{"line":98,"column":5}},"line":95},"14":{"name":"(anonymous_14)","decl":{"start":{"line":99,"column":17},"end":{"line":99,"column":18}},"loc":{"start":{"line":99,"column":32},"end":{"line":102,"column":5}},"line":99},"15":{"name":"(anonymous_15)","decl":{"start":{"line":103,"column":11},"end":{"line":103,"column":12}},"loc":{"start":{"line":103,"column":26},"end":{"line":106,"column":5}},"line":103},"16":{"name":"(anonymous_16)","decl":{"start":{"line":107,"column":23},"end":{"line":107,"column":24}},"loc":{"start":{"line":107,"column":38},"end":{"line":113,"column":5}},"line":107},"17":{"name":"(anonymous_17)","decl":{"start":{"line":114,"column":20},"end":{"line":114,"column":21}},"loc":{"start":{"line":114,"column":35},"end":{"line":120,"column":5}},"line":114},"18":{"name":"(anonymous_18)","decl":{"start":{"line":123,"column":28},"end":{"line":123,"column":29}},"loc":{"start":{"line":124,"column":4},"end":{"line":133,"column":10}},"line":124},"19":{"name":"(anonymous_19)","decl":{"start":{"line":142,"column":10},"end":{"line":142,"column":11}},"loc":{"start":{"line":142,"column":22},"end":{"line":142,"column":78}},"line":142}},"branchMap":{"0":{"loc":{"start":{"line":20,"column":31},"end":{"line":20,"column":71}},"type":"binary-expr","locations":[{"start":{"line":20,"column":31},"end":{"line":20,"column":65}},{"start":{"line":20,"column":69},"end":{"line":20,"column":71}}],"line":20},"1":{"loc":{"start":{"line":21,"column":4},"end":{"line":26,"column":5}},"type":"if","locations":[{"start":{"line":21,"column":4},"end":{"line":26,"column":5}},{"start":{},"end":{}}],"line":21},"2":{"loc":{"start":{"line":24,"column":15},"end":{"line":24,"column":79}},"type":"binary-expr","locations":[{"start":{"line":24,"column":15},"end":{"line":24,"column":24}},{"start":{"line":24,"column":28},"end":{"line":24,"column":79}}],"line":24},"3":{"loc":{"start":{"line":38,"column":19},"end":{"line":38,"column":85}},"type":"cond-expr","locations":[{"start":{"line":38,"column":53},"end":{"line":38,"column":73}},{"start":{"line":38,"column":76},"end":{"line":38,"column":85}}],"line":38},"4":{"loc":{"start":{"line":47,"column":19},"end":{"line":47,"column":58}},"type":"cond-expr","locations":[{"start":{"line":47,"column":37},"end":{"line":47,"column":46}},{"start":{"line":47,"column":49},"end":{"line":47,"column":58}}],"line":47},"5":{"loc":{"start":{"line":48,"column":17},"end":{"line":48,"column":63}},"type":"cond-expr","locations":[{"start":{"line":48,"column":35},"end":{"line":48,"column":54}},{"start":{"line":48,"column":57},"end":{"line":48,"column":63}}],"line":48},"6":{"loc":{"start":{"line":61,"column":6},"end":{"line":67,"column":7}},"type":"if","locations":[{"start":{"line":61,"column":6},"end":{"line":67,"column":7}},{"start":{"line":63,"column":13},"end":{"line":67,"column":7}}],"line":61},"7":{"loc":{"start":{"line":63,"column":13},"end":{"line":67,"column":7}},"type":"if","locations":[{"start":{"line":63,"column":13},"end":{"line":67,"column":7}},{"start":{"line":65,"column":13},"end":{"line":67,"column":7}}],"line":63}},"s":{"0":0,"1":0,"2":0,"3":0,"4":0,"5":0,"6":0,"7":0,"8":0,"9":0,"10":0,"11":0,"12":0,"13":0,"14":0,"15":0,"16":0,"17":0,"18":0,"19":0,"20":0,"21":0,"22":0,"23":0,"24":0,"25":0,"26":0,"27":0,"28":0,"29":0,"30":0,"31":0,"32":0,"33":0,"34":0,"35":0,"36":0},"f":{"0":0,"1":0,"2":0,"3":0,"4":0,"5":0,"6":0,"7":0,"8":0,"9":0,"10":0,"11":0,"12":0,"13":0,"14":0,"15":0,"16":0,"17":0,"18":0,"19":0},"b":{"0":[0,0],"1":[0,0],"2":[0,0],"3":[0,0],"4":[0,0],"5":[0,0],"6":[0,0],"7":[0,0]}}
,"/Users/hansen/Documents/GitHub/shredindex-frontend/components/Debug/Debug.tsx": {"path":"/Users/hansen/Documents/GitHub/shredindex-frontend/components/Debug/Debug.tsx","statementMap":{"0":{"start":{"line":4,"column":34},"end":{"line":8,"column":1}},"1":{"start":{"line":10,"column":14},"end":{"line":29,"column":1}},"2":{"start":{"line":11,"column":35},"end":{"line":11,"column":63}},"3":{"start":{"line":13,"column":19},"end":{"line":13,"column":42}},"4":{"start":{"line":13,"column":25},"end":{"line":13,"column":42}},"5":{"start":{"line":15,"column":2},"end":{"line":17,"column":3}},"6":{"start":{"line":16,"column":4},"end":{"line":16,"column":24}},"7":{"start":{"line":19,"column":2},"end":{"line":22,"column":3}},"8":{"start":{"line":21,"column":4},"end":{"line":21,"column":36}},"9":{"start":{"line":24,"column":26},"end":{"line":24,"column":30}},"10":{"start":{"line":26,"column":2},"end":{"line":28,"column":48}}},"fnMap":{"0":{"name":"(anonymous_0)","decl":{"start":{"line":10,"column":14},"end":{"line":10,"column":15}},"loc":{"start":{"line":10,"column":20},"end":{"line":29,"column":1}},"line":10},"1":{"name":"(anonymous_1)","decl":{"start":{"line":13,"column":19},"end":{"line":13,"column":20}},"loc":{"start":{"line":13,"column":25},"end":{"line":13,"column":42}},"line":13}},"branchMap":{"0":{"loc":{"start":{"line":15,"column":2},"end":{"line":17,"column":3}},"type":"if","locations":[{"start":{"line":15,"column":2},"end":{"line":17,"column":3}},{"start":{},"end":{}}],"line":15},"1":{"loc":{"start":{"line":19,"column":2},"end":{"line":22,"column":3}},"type":"if","locations":[{"start":{"line":19,"column":2},"end":{"line":22,"column":3}},{"start":{},"end":{}}],"line":19},"2":{"loc":{"start":{"line":26,"column":9},"end":{"line":28,"column":47}},"type":"cond-expr","locations":[{"start":{"line":27,"column":6},"end":{"line":27,"column":50}},{"start":{"line":28,"column":6},"end":{"line":28,"column":47}}],"line":26}},"s":{"0":2,"1":2,"2":4,"3":4,"4":2,"5":4,"6":2,"7":2,"8":0,"9":2,"10":2},"f":{"0":4,"1":2},"b":{"0":[2,2],"1":[0,2],"2":[1,1]},"_coverageSchema":"1a1c01bbd47fc00a2c39e90264f33305004495a9","hash":"8d67f54ada4d2dab5c7daa766f113624cbc0b0f7"}
,"/Users/hansen/Documents/GitHub/shredindex-frontend/components/DoubleRangeSlider/DoubleRangeSlider.tsx": {"path":"/Users/hansen/Documents/GitHub/shredindex-frontend/components/DoubleRangeSlider/DoubleRangeSlider.tsx","statementMap":{"0":{"start":{"line":24,"column":60},"end":{"line":205,"column":1}},"1":{"start":{"line":38,"column":38},"end":{"line":38,"column":71}},"2":{"start":{"line":39,"column":38},"end":{"line":39,"column":71}},"3":{"start":{"line":40,"column":48},"end":{"line":40,"column":76}},"4":{"start":{"line":41,"column":48},"end":{"line":41,"column":76}},"5":{"start":{"line":43,"column":23},"end":{"line":43,"column":63}},"6":{"start":{"line":44,"column":26},"end":{"line":44,"column":97}},"7":{"start":{"line":46,"column":27},"end":{"line":46,"column":56}},"8":{"start":{"line":47,"column":23},"end":{"line":47,"column":66}},"9":{"start":{"line":48,"column":24},"end":{"line":48,"column":67}},"10":{"start":{"line":49,"column":21},"end":{"line":49,"column":77}},"11":{"start":{"line":51,"column":25},"end":{"line":67,"column":3}},"12":{"start":{"line":52,"column":4},"end":{"line":66,"column":5}},"13":{"start":{"line":53,"column":6},"end":{"line":57,"column":7}},"14":{"start":{"line":54,"column":30},"end":{"line":54,"column":57}},"15":{"start":{"line":55,"column":8},"end":{"line":55,"column":37}},"16":{"start":{"line":56,"column":8},"end":{"line":56,"column":42}},"17":{"start":{"line":58,"column":23},"end":{"line":58,"column":78}},"18":{"start":{"line":59,"column":6},"end":{"line":59,"column":30}},"19":{"start":{"line":60,"column":6},"end":{"line":60,"column":35}},"20":{"start":{"line":61,"column":6},"end":{"line":65,"column":7}},"21":{"start":{"line":62,"column":30},"end":{"line":62,"column":57}},"22":{"start":{"line":63,"column":8},"end":{"line":63,"column":37}},"23":{"start":{"line":64,"column":8},"end":{"line":64,"column":42}},"24":{"start":{"line":69,"column":25},"end":{"line":85,"column":3}},"25":{"start":{"line":70,"column":4},"end":{"line":84,"column":5}},"26":{"start":{"line":71,"column":6},"end":{"line":75,"column":7}},"27":{"start":{"line":72,"column":30},"end":{"line":72,"column":64}},"28":{"start":{"line":73,"column":8},"end":{"line":73,"column":37}},"29":{"start":{"line":74,"column":8},"end":{"line":74,"column":42}},"30":{"start":{"line":76,"column":23},"end":{"line":76,"column":78}},"31":{"start":{"line":77,"column":6},"end":{"line":77,"column":30}},"32":{"start":{"line":78,"column":6},"end":{"line":78,"column":35}},"33":{"start":{"line":79,"column":6},"end":{"line":83,"column":7}},"34":{"start":{"line":80,"column":30},"end":{"line":80,"column":57}},"35":{"start":{"line":81,"column":8},"end":{"line":81,"column":37}},"36":{"start":{"line":82,"column":8},"end":{"line":82,"column":42}},"37":{"start":{"line":87,"column":21},"end":{"line":91,"column":3}},"38":{"start":{"line":88,"column":4},"end":{"line":88,"column":45}},"39":{"start":{"line":88,"column":28},"end":{"line":88,"column":45}},"40":{"start":{"line":89,"column":4},"end":{"line":89,"column":45}},"41":{"start":{"line":89,"column":28},"end":{"line":89,"column":45}},"42":{"start":{"line":90,"column":4},"end":{"line":90,"column":18}},"43":{"start":{"line":93,"column":39},"end":{"line":99,"column":3}},"44":{"start":{"line":94,"column":18},"end":{"line":94,"column":58}},"45":{"start":{"line":95,"column":4},"end":{"line":95,"column":25}},"46":{"start":{"line":96,"column":4},"end":{"line":96,"column":30}},"47":{"start":{"line":97,"column":4},"end":{"line":97,"column":26}},"48":{"start":{"line":98,"column":4},"end":{"line":98,"column":21}},"49":{"start":{"line":101,"column":39},"end":{"line":107,"column":3}},"50":{"start":{"line":102,"column":18},"end":{"line":102,"column":58}},"51":{"start":{"line":103,"column":4},"end":{"line":103,"column":25}},"52":{"start":{"line":104,"column":4},"end":{"line":104,"column":30}},"53":{"start":{"line":105,"column":4},"end":{"line":105,"column":26}},"54":{"start":{"line":106,"column":4},"end":{"line":106,"column":21}},"55":{"start":{"line":109,"column":2},"end":{"line":204,"column":4}},"56":{"start":{"line":176,"column":29},"end":{"line":176,"column":77}},"57":{"start":{"line":198,"column":29},"end":{"line":198,"column":77}}},"fnMap":{"0":{"name":"(anonymous_0)","decl":{"start":{"line":24,"column":60},"end":{"line":24,"column":61}},"loc":{"start":{"line":37,"column":6},"end":{"line":205,"column":1}},"line":37},"1":{"name":"(anonymous_1)","decl":{"start":{"line":34,"column":18},"end":{"line":34,"column":19}},"loc":{"start":{"line":34,"column":24},"end":{"line":34,"column":26}},"line":34},"2":{"name":"(anonymous_2)","decl":{"start":{"line":35,"column":18},"end":{"line":35,"column":19}},"loc":{"start":{"line":35,"column":24},"end":{"line":35,"column":26}},"line":35},"3":{"name":"(anonymous_3)","decl":{"start":{"line":51,"column":25},"end":{"line":51,"column":26}},"loc":{"start":{"line":51,"column":55},"end":{"line":67,"column":3}},"line":51},"4":{"name":"(anonymous_4)","decl":{"start":{"line":69,"column":25},"end":{"line":69,"column":26}},"loc":{"start":{"line":69,"column":55},"end":{"line":85,"column":3}},"line":69},"5":{"name":"(anonymous_5)","decl":{"start":{"line":87,"column":21},"end":{"line":87,"column":22}},"loc":{"start":{"line":87,"column":49},"end":{"line":91,"column":3}},"line":87},"6":{"name":"(anonymous_6)","decl":{"start":{"line":93,"column":39},"end":{"line":93,"column":40}},"loc":{"start":{"line":93,"column":83},"end":{"line":99,"column":3}},"line":93},"7":{"name":"(anonymous_7)","decl":{"start":{"line":101,"column":39},"end":{"line":101,"column":40}},"loc":{"start":{"line":101,"column":83},"end":{"line":107,"column":3}},"line":101},"8":{"name":"(anonymous_8)","decl":{"start":{"line":176,"column":22},"end":{"line":176,"column":23}},"loc":{"start":{"line":176,"column":29},"end":{"line":176,"column":77}},"line":176},"9":{"name":"(anonymous_9)","decl":{"start":{"line":198,"column":22},"end":{"line":198,"column":23}},"loc":{"start":{"line":198,"column":29},"end":{"line":198,"column":77}},"line":198}},"branchMap":{"0":{"loc":{"start":{"line":25,"column":2},"end":{"line":25,"column":12}},"type":"default-arg","locations":[{"start":{"line":25,"column":10},"end":{"line":25,"column":12}}],"line":25},"1":{"loc":{"start":{"line":26,"column":2},"end":{"line":26,"column":11}},"type":"default-arg","locations":[{"start":{"line":26,"column":9},"end":{"line":26,"column":11}}],"line":26},"2":{"loc":{"start":{"line":27,"column":2},"end":{"line":27,"column":11}},"type":"default-arg","locations":[{"start":{"line":27,"column":9},"end":{"line":27,"column":11}}],"line":27},"3":{"loc":{"start":{"line":28,"column":2},"end":{"line":28,"column":15}},"type":"default-arg","locations":[{"start":{"line":28,"column":14},"end":{"line":28,"column":15}}],"line":28},"4":{"loc":{"start":{"line":29,"column":2},"end":{"line":29,"column":17}},"type":"default-arg","locations":[{"start":{"line":29,"column":14},"end":{"line":29,"column":17}}],"line":29},"5":{"loc":{"start":{"line":30,"column":2},"end":{"line":30,"column":21}},"type":"default-arg","locations":[{"start":{"line":30,"column":20},"end":{"line":30,"column":21}}],"line":30},"6":{"loc":{"start":{"line":31,"column":2},"end":{"line":31,"column":23}},"type":"default-arg","locations":[{"start":{"line":31,"column":20},"end":{"line":31,"column":23}}],"line":31},"7":{"loc":{"start":{"line":32,"column":2},"end":{"line":32,"column":31}},"type":"default-arg","locations":[{"start":{"line":32,"column":30},"end":{"line":32,"column":31}}],"line":32},"8":{"loc":{"start":{"line":33,"column":2},"end":{"line":33,"column":16}},"type":"default-arg","locations":[{"start":{"line":33,"column":14},"end":{"line":33,"column":16}}],"line":33},"9":{"loc":{"start":{"line":34,"column":2},"end":{"line":34,"column":26}},"type":"default-arg","locations":[{"start":{"line":34,"column":18},"end":{"line":34,"column":26}}],"line":34},"10":{"loc":{"start":{"line":35,"column":2},"end":{"line":35,"column":26}},"type":"default-arg","locations":[{"start":{"line":35,"column":18},"end":{"line":35,"column":26}}],"line":35},"11":{"loc":{"start":{"line":36,"column":2},"end":{"line":36,"column":18}},"type":"default-arg","locations":[{"start":{"line":36,"column":13},"end":{"line":36,"column":18}}],"line":36},"12":{"loc":{"start":{"line":52,"column":4},"end":{"line":66,"column":5}},"type":"if","locations":[{"start":{"line":52,"column":4},"end":{"line":66,"column":5}},{"start":{},"end":{}}],"line":52},"13":{"loc":{"start":{"line":52,"column":8},"end":{"line":52,"column":106}},"type":"binary-expr","locations":[{"start":{"line":52,"column":8},"end":{"line":52,"column":55}},{"start":{"line":52,"column":59},"end":{"line":52,"column":106}}],"line":52},"14":{"loc":{"start":{"line":53,"column":6},"end":{"line":57,"column":7}},"type":"if","locations":[{"start":{"line":53,"column":6},"end":{"line":57,"column":7}},{"start":{},"end":{}}],"line":53},"15":{"loc":{"start":{"line":61,"column":6},"end":{"line":65,"column":7}},"type":"if","locations":[{"start":{"line":61,"column":6},"end":{"line":65,"column":7}},{"start":{},"end":{}}],"line":61},"16":{"loc":{"start":{"line":70,"column":4},"end":{"line":84,"column":5}},"type":"if","locations":[{"start":{"line":70,"column":4},"end":{"line":84,"column":5}},{"start":{},"end":{}}],"line":70},"17":{"loc":{"start":{"line":70,"column":8},"end":{"line":70,"column":106}},"type":"binary-expr","locations":[{"start":{"line":70,"column":8},"end":{"line":70,"column":55}},{"start":{"line":70,"column":59},"end":{"line":70,"column":106}}],"line":70},"18":{"loc":{"start":{"line":71,"column":6},"end":{"line":75,"column":7}},"type":"if","locations":[{"start":{"line":71,"column":6},"end":{"line":75,"column":7}},{"start":{},"end":{}}],"line":71},"19":{"loc":{"start":{"line":79,"column":6},"end":{"line":83,"column":7}},"type":"if","locations":[{"start":{"line":79,"column":6},"end":{"line":83,"column":7}},{"start":{},"end":{}}],"line":79},"20":{"loc":{"start":{"line":88,"column":4},"end":{"line":88,"column":45}},"type":"if","locations":[{"start":{"line":88,"column":4},"end":{"line":88,"column":45}},{"start":{},"end":{}}],"line":88},"21":{"loc":{"start":{"line":89,"column":4},"end":{"line":89,"column":45}},"type":"if","locations":[{"start":{"line":89,"column":4},"end":{"line":89,"column":45}},{"start":{},"end":{}}],"line":89},"22":{"loc":{"start":{"line":111,"column":7},"end":{"line":122,"column":7}},"type":"binary-expr","locations":[{"start":{"line":111,"column":7},"end":{"line":111,"column":15}},{"start":{"line":112,"column":8},"end":{"line":121,"column":10}}],"line":111},"23":{"loc":{"start":{"line":113,"column":20},"end":{"line":113,"column":30}},"type":"binary-expr","locations":[{"start":{"line":113,"column":20},"end":{"line":113,"column":24}},{"start":{"line":113,"column":28},"end":{"line":113,"column":30}}],"line":113},"24":{"loc":{"start":{"line":165,"column":23},"end":{"line":165,"column":34}},"type":"binary-expr","locations":[{"start":{"line":165,"column":23},"end":{"line":165,"column":28}},{"start":{"line":165,"column":32},"end":{"line":165,"column":34}}],"line":165},"25":{"loc":{"start":{"line":166,"column":13},"end":{"line":166,"column":71}},"type":"cond-expr","locations":[{"start":{"line":166,"column":41},"end":{"line":166,"column":66}},{"start":{"line":166,"column":69},"end":{"line":166,"column":71}}],"line":166},"26":{"loc":{"start":{"line":166,"column":13},"end":{"line":166,"column":38}},"type":"binary-expr","locations":[{"start":{"line":166,"column":13},"end":{"line":166,"column":17}},{"start":{"line":166,"column":21},"end":{"line":166,"column":38}}],"line":166},"27":{"loc":{"start":{"line":187,"column":23},"end":{"line":187,"column":34}},"type":"binary-expr","locations":[{"start":{"line":187,"column":23},"end":{"line":187,"column":28}},{"start":{"line":187,"column":32},"end":{"line":187,"column":34}}],"line":187},"28":{"loc":{"start":{"line":188,"column":13},"end":{"line":188,"column":71}},"type":"cond-expr","locations":[{"start":{"line":188,"column":41},"end":{"line":188,"column":66}},{"start":{"line":188,"column":69},"end":{"line":188,"column":71}}],"line":188},"29":{"loc":{"start":{"line":188,"column":13},"end":{"line":188,"column":38}},"type":"binary-expr","locations":[{"start":{"line":188,"column":13},"end":{"line":188,"column":17}},{"start":{"line":188,"column":21},"end":{"line":188,"column":38}}],"line":188}},"s":{"0":0,"1":0,"2":0,"3":0,"4":0,"5":0,"6":0,"7":0,"8":0,"9":0,"10":0,"11":0,"12":0,"13":0,"14":0,"15":0,"16":0,"17":0,"18":0,"19":0,"20":0,"21":0,"22":0,"23":0,"24":0,"25":0,"26":0,"27":0,"28":0,"29":0,"30":0,"31":0,"32":0,"33":0,"34":0,"35":0,"36":0,"37":0,"38":0,"39":0,"40":0,"41":0,"42":0,"43":0,"44":0,"45":0,"46":0,"47":0,"48":0,"49":0,"50":0,"51":0,"52":0,"53":0,"54":0,"55":0,"56":0,"57":0},"f":{"0":0,"1":0,"2":0,"3":0,"4":0,"5":0,"6":0,"7":0,"8":0,"9":0},"b":{"0":[0],"1":[0],"2":[0],"3":[0],"4":[0],"5":[0],"6":[0],"7":[0],"8":[0],"9":[0],"10":[0],"11":[0],"12":[0,0],"13":[0,0],"14":[0,0],"15":[0,0],"16":[0,0],"17":[0,0],"18":[0,0],"19":[0,0],"20":[0,0],"21":[0,0],"22":[0,0],"23":[0,0],"24":[0,0],"25":[0,0],"26":[0,0],"27":[0,0],"28":[0,0],"29":[0,0]}}
,"/Users/hansen/Documents/GitHub/shredindex-frontend/components/DynamicLayout/DynamicLayout.tsx": {"path":"/Users/hansen/Documents/GitHub/shredindex-frontend/components/DynamicLayout/DynamicLayout.tsx","statementMap":{"0":{"start":{"line":12,"column":52},"end":{"line":39,"column":1}},"1":{"start":{"line":18,"column":20},"end":{"line":18,"column":35}},"2":{"start":{"line":20,"column":2},"end":{"line":23,"column":3}},"3":{"start":{"line":21,"column":4},"end":{"line":21,"column":49}},"4":{"start":{"line":22,"column":4},"end":{"line":22,"column":16}},"5":{"start":{"line":25,"column":2},"end":{"line":38,"column":4}}},"fnMap":{"0":{"name":"(anonymous_0)","decl":{"start":{"line":12,"column":52},"end":{"line":12,"column":53}},"loc":{"start":{"line":17,"column":6},"end":{"line":39,"column":1}},"line":17}},"branchMap":{"0":{"loc":{"start":{"line":20,"column":2},"end":{"line":23,"column":3}},"type":"if","locations":[{"start":{"line":20,"column":2},"end":{"line":23,"column":3}},{"start":{},"end":{}}],"line":20}},"s":{"0":1,"1":3,"2":3,"3":1,"4":1,"5":2},"f":{"0":3},"b":{"0":[1,2]},"_coverageSchema":"1a1c01bbd47fc00a2c39e90264f33305004495a9","hash":"4de9176322f6c23d45efa4d4af8966f1cf1b1a6f"}
,"/Users/hansen/Documents/GitHub/shredindex-frontend/components/DynamicLink/DynamicLink.tsx": {"path":"/Users/hansen/Documents/GitHub/shredindex-frontend/components/DynamicLink/DynamicLink.tsx","statementMap":{"0":{"start":{"line":15,"column":48},"end":{"line":47,"column":1}},"1":{"start":{"line":17,"column":17},"end":{"line":17,"column":34}},"2":{"start":{"line":20,"column":2},"end":{"line":23,"column":3}},"3":{"start":{"line":21,"column":4},"end":{"line":21,"column":110}},"4":{"start":{"line":22,"column":4},"end":{"line":22,"column":16}},"5":{"start":{"line":26,"column":26},"end":{"line":35,"column":3}},"6":{"start":{"line":27,"column":4},"end":{"line":34,"column":5}},"7":{"start":{"line":28,"column":6},"end":{"line":31,"column":9}},"8":{"start":{"line":33,"column":6},"end":{"line":33,"column":54}},"9":{"start":{"line":38,"column":2},"end":{"line":46,"column":4}}},"fnMap":{"0":{"name":"(anonymous_0)","decl":{"start":{"line":15,"column":48},"end":{"line":15,"column":49}},"loc":{"start":{"line":15,"column":93},"end":{"line":47,"column":1}},"line":15},"1":{"name":"(anonymous_1)","decl":{"start":{"line":26,"column":26},"end":{"line":26,"column":27}},"loc":{"start":{"line":26,"column":38},"end":{"line":35,"column":3}},"line":26}},"branchMap":{"0":{"loc":{"start":{"line":15,"column":55},"end":{"line":15,"column":69}},"type":"default-arg","locations":[{"start":{"line":15,"column":67},"end":{"line":15,"column":69}}],"line":15},"1":{"loc":{"start":{"line":15,"column":71},"end":{"line":15,"column":86}},"type":"default-arg","locations":[{"start":{"line":15,"column":82},"end":{"line":15,"column":86}}],"line":15},"2":{"loc":{"start":{"line":20,"column":2},"end":{"line":23,"column":3}},"type":"if","locations":[{"start":{"line":20,"column":2},"end":{"line":23,"column":3}},{"start":{},"end":{}}],"line":20}},"s":{"0":1,"1":1,"2":1,"3":0,"4":0,"5":1,"6":1,"7":1,"8":0,"9":1},"f":{"0":1,"1":1},"b":{"0":[0],"1":[0],"2":[0,1]},"_coverageSchema":"1a1c01bbd47fc00a2c39e90264f33305004495a9","hash":"7206ea31ccf79f010d2952ff85690dd03ce332f6"}
,"/Users/hansen/Documents/GitHub/shredindex-frontend/components/DynamicSwitch/DynamicSwitch.tsx": {"path":"/Users/hansen/Documents/GitHub/shredindex-frontend/components/DynamicSwitch/DynamicSwitch.tsx","statementMap":{"0":{"start":{"line":13,"column":30},"end":{"line":25,"column":1}},"1":{"start":{"line":14,"column":23},"end":{"line":14,"column":36}},"2":{"start":{"line":16,"column":2},"end":{"line":22,"column":17}},"3":{"start":{"line":17,"column":4},"end":{"line":21,"column":7}},"4":{"start":{"line":24,"column":2},"end":{"line":24,"column":14}},"5":{"start":{"line":27,"column":31},"end":{"line":35,"column":1}},"6":{"start":{"line":47,"column":32},"end":{"line":90,"column":1}},"7":{"start":{"line":48,"column":28},"end":{"line":48,"column":67}},"8":{"start":{"line":50,"column":2},"end":{"line":52,"column":3}},"9":{"start":{"line":51,"column":4},"end":{"line":51,"column":16}},"10":{"start":{"line":54,"column":19},"end":{"line":54,"column":33}},"11":{"start":{"line":56,"column":2},"end":{"line":58,"column":3}},"12":{"start":{"line":57,"column":4},"end":{"line":57,"column":88}},"13":{"start":{"line":60,"column":2},"end":{"line":89,"column":4}},"14":{"start":{"line":65,"column":10},"end":{"line":69,"column":12}}},"fnMap":{"0":{"name":"(anonymous_0)","decl":{"start":{"line":13,"column":30},"end":{"line":13,"column":31}},"loc":{"start":{"line":13,"column":36},"end":{"line":25,"column":1}},"line":13},"1":{"name":"(anonymous_1)","decl":{"start":{"line":16,"column":12},"end":{"line":16,"column":13}},"loc":{"start":{"line":16,"column":18},"end":{"line":22,"column":3}},"line":16},"2":{"name":"(anonymous_2)","decl":{"start":{"line":47,"column":32},"end":{"line":47,"column":33}},"loc":{"start":{"line":47,"column":38},"end":{"line":90,"column":1}},"line":47},"3":{"name":"(anonymous_3)","decl":{"start":{"line":64,"column":22},"end":{"line":64,"column":23}},"loc":{"start":{"line":65,"column":10},"end":{"line":69,"column":12}},"line":65}},"branchMap":{"0":{"loc":{"start":{"line":50,"column":2},"end":{"line":52,"column":3}},"type":"if","locations":[{"start":{"line":50,"column":2},"end":{"line":52,"column":3}},{"start":{},"end":{}}],"line":50},"1":{"loc":{"start":{"line":56,"column":2},"end":{"line":58,"column":3}},"type":"if","locations":[{"start":{"line":56,"column":2},"end":{"line":58,"column":3}},{"start":{},"end":{}}],"line":56},"2":{"loc":{"start":{"line":56,"column":6},"end":{"line":56,"column":35}},"type":"binary-expr","locations":[{"start":{"line":56,"column":6},"end":{"line":56,"column":15}},{"start":{"line":56,"column":19},"end":{"line":56,"column":35}}],"line":56}},"s":{"0":1,"1":3,"2":3,"3":3,"4":3,"5":1,"6":1,"7":6,"8":6,"9":3,"10":3,"11":3,"12":0,"13":3,"14":6},"f":{"0":3,"1":3,"2":6,"3":6},"b":{"0":[3,3],"1":[0,3],"2":[3,3]},"_coverageSchema":"1a1c01bbd47fc00a2c39e90264f33305004495a9","hash":"af308d281ea37169615c722a7a628adab372fcf1"}
,"/Users/hansen/Documents/GitHub/shredindex-frontend/components/FeatureToggle/NoUserAccess.tsx": {"path":"/Users/hansen/Documents/GitHub/shredindex-frontend/components/FeatureToggle/NoUserAccess.tsx","statementMap":{"0":{"start":{"line":12,"column":50},"end":{"line":54,"column":1}},"1":{"start":{"line":13,"column":2},"end":{"line":53,"column":4}}},"fnMap":{"0":{"name":"(anonymous_0)","decl":{"start":{"line":12,"column":50},"end":{"line":12,"column":51}},"loc":{"start":{"line":12,"column":80},"end":{"line":54,"column":1}},"line":12}},"branchMap":{"0":{"loc":{"start":{"line":19,"column":9},"end":{"line":29,"column":9}},"type":"binary-expr","locations":[{"start":{"line":19,"column":9},"end":{"line":19,"column":14}},{"start":{"line":20,"column":10},"end":{"line":28,"column":16}}],"line":19}},"s":{"0":0,"1":0},"f":{"0":0},"b":{"0":[0,0]}}
,"/Users/hansen/Documents/GitHub/shredindex-frontend/components/FilterToggleButton/FilterToggleButton.tsx": {"path":"/Users/hansen/Documents/GitHub/shredindex-frontend/components/FilterToggleButton/FilterToggleButton.tsx","statementMap":{"0":{"start":{"line":8,"column":62},"end":{"line":97,"column":1}},"1":{"start":{"line":19,"column":34},"end":{"line":19,"column":50}},"2":{"start":{"line":21,"column":23},"end":{"line":26,"column":3}},"3":{"start":{"line":22,"column":4},"end":{"line":25,"column":5}},"4":{"start":{"line":23,"column":6},"end":{"line":23,"column":24}},"5":{"start":{"line":24,"column":6},"end":{"line":24,"column":33}},"6":{"start":{"line":28,"column":22},"end":{"line":31,"column":3}},"7":{"start":{"line":29,"column":4},"end":{"line":29,"column":23}},"8":{"start":{"line":30,"column":4},"end":{"line":30,"column":32}},"9":{"start":{"line":33,"column":22},"end":{"line":35,"column":3}},"10":{"start":{"line":34,"column":4},"end":{"line":34,"column":121}},"11":{"start":{"line":37,"column":2},"end":{"line":96,"column":4}}},"fnMap":{"0":{"name":"(anonymous_0)","decl":{"start":{"line":8,"column":62},"end":{"line":8,"column":63}},"loc":{"start":{"line":18,"column":6},"end":{"line":97,"column":1}},"line":18},"1":{"name":"(anonymous_1)","decl":{"start":{"line":21,"column":23},"end":{"line":21,"column":24}},"loc":{"start":{"line":21,"column":35},"end":{"line":26,"column":3}},"line":21},"2":{"name":"(anonymous_2)","decl":{"start":{"line":28,"column":22},"end":{"line":28,"column":23}},"loc":{"start":{"line":28,"column":34},"end":{"line":31,"column":3}},"line":28},"3":{"name":"(anonymous_3)","decl":{"start":{"line":33,"column":22},"end":{"line":33,"column":23}},"loc":{"start":{"line":33,"column":62},"end":{"line":35,"column":3}},"line":33}},"branchMap":{"0":{"loc":{"start":{"line":22,"column":4},"end":{"line":25,"column":5}},"type":"if","locations":[{"start":{"line":22,"column":4},"end":{"line":25,"column":5}},{"start":{},"end":{}}],"line":22},"1":{"loc":{"start":{"line":22,"column":8},"end":{"line":22,"column":30}},"type":"binary-expr","locations":[{"start":{"line":22,"column":8},"end":{"line":22,"column":17}},{"start":{"line":22,"column":21},"end":{"line":22,"column":30}}],"line":22},"2":{"loc":{"start":{"line":34,"column":11},"end":{"line":34,"column":120}},"type":"binary-expr","locations":[{"start":{"line":34,"column":11},"end":{"line":34,"column":38}},{"start":{"line":34,"column":42},"end":{"line":34,"column":67}},{"start":{"line":34,"column":71},"end":{"line":34,"column":96}},{"start":{"line":34,"column":100},"end":{"line":34,"column":120}}],"line":34},"3":{"loc":{"start":{"line":38,"column":52},"end":{"line":38,"column":67}},"type":"binary-expr","locations":[{"start":{"line":38,"column":52},"end":{"line":38,"column":61}},{"start":{"line":38,"column":65},"end":{"line":38,"column":67}}],"line":38},"4":{"loc":{"start":{"line":45,"column":8},"end":{"line":45,"column":104}},"type":"cond-expr","locations":[{"start":{"line":45,"column":20},"end":{"line":45,"column":61}},{"start":{"line":45,"column":64},"end":{"line":45,"column":104}}],"line":45},"5":{"loc":{"start":{"line":52,"column":15},"end":{"line":56,"column":15}},"type":"binary-expr","locations":[{"start":{"line":52,"column":15},"end":{"line":52,"column":23}},{"start":{"line":53,"column":16},"end":{"line":55,"column":25}}],"line":52},"6":{"loc":{"start":{"line":59,"column":13},"end":{"line":65,"column":13}},"type":"binary-expr","locations":[{"start":{"line":59,"column":13},"end":{"line":59,"column":21}},{"start":{"line":60,"column":14},"end":{"line":64,"column":25}}],"line":59},"7":{"loc":{"start":{"line":67,"column":11},"end":{"line":80,"column":11}},"type":"binary-expr","locations":[{"start":{"line":67,"column":11},"end":{"line":67,"column":19}},{"start":{"line":68,"column":12},"end":{"line":79,"column":18}}],"line":67},"8":{"loc":{"start":{"line":82,"column":9},"end":{"line":86,"column":9}},"type":"binary-expr","locations":[{"start":{"line":82,"column":9},"end":{"line":82,"column":17}},{"start":{"line":82,"column":21},"end":{"line":82,"column":29}},{"start":{"line":83,"column":10},"end":{"line":85,"column":16}}],"line":82},"9":{"loc":{"start":{"line":84,"column":13},"end":{"line":84,"column":110}},"type":"cond-expr","locations":[{"start":{"line":84,"column":46},"end":{"line":84,"column":68}},{"start":{"line":84,"column":71},"end":{"line":84,"column":110}}],"line":84},"10":{"loc":{"start":{"line":84,"column":71},"end":{"line":84,"column":110}},"type":"cond-expr","locations":[{"start":{"line":84,"column":95},"end":{"line":84,"column":103}},{"start":{"line":84,"column":106},"end":{"line":84,"column":110}}],"line":84},"11":{"loc":{"start":{"line":88,"column":7},"end":{"line":94,"column":7}},"type":"binary-expr","locations":[{"start":{"line":88,"column":7},"end":{"line":88,"column":16}},{"start":{"line":89,"column":8},"end":{"line":93,"column":19}}],"line":88}},"s":{"0":0,"1":0,"2":0,"3":0,"4":0,"5":0,"6":0,"7":0,"8":0,"9":0,"10":0,"11":0},"f":{"0":0,"1":0,"2":0,"3":0},"b":{"0":[0,0],"1":[0,0],"2":[0,0,0,0],"3":[0,0],"4":[0,0],"5":[0,0],"6":[0,0],"7":[0,0],"8":[0,0,0],"9":[0,0],"10":[0,0],"11":[0,0]}}
,"/Users/hansen/Documents/GitHub/shredindex-frontend/components/Footer/Footer.tsx": {"path":"/Users/hansen/Documents/GitHub/shredindex-frontend/components/Footer/Footer.tsx","statementMap":{"0":{"start":{"line":8,"column":30},"end":{"line":14,"column":1}},"1":{"start":{"line":16,"column":34},"end":{"line":28,"column":1}},"2":{"start":{"line":30,"column":39},"end":{"line":40,"column":1}},"3":{"start":{"line":31,"column":2},"end":{"line":39,"column":4}},"4":{"start":{"line":42,"column":25},"end":{"line":100,"column":1}},"5":{"start":{"line":43,"column":28},"end":{"line":43,"column":52}},"6":{"start":{"line":45,"column":2},"end":{"line":47,"column":3}},"7":{"start":{"line":46,"column":4},"end":{"line":46,"column":29}},"8":{"start":{"line":49,"column":46},"end":{"line":49,"column":50}},"9":{"start":{"line":51,"column":32},"end":{"line":87,"column":3}},"10":{"start":{"line":52,"column":66},"end":{"line":52,"column":94}},"11":{"start":{"line":54,"column":4},"end":{"line":56,"column":5}},"12":{"start":{"line":55,"column":6},"end":{"line":55,"column":18}},"13":{"start":{"line":59,"column":24},"end":{"line":59,"column":55}},"14":{"start":{"line":61,"column":4},"end":{"line":86,"column":9}},"15":{"start":{"line":62,"column":23},"end":{"line":62,"column":59}},"16":{"start":{"line":66,"column":12},"end":{"line":66,"column":18}},"17":{"start":{"line":68,"column":8},"end":{"line":85,"column":10}},"18":{"start":{"line":89,"column":2},"end":{"line":99,"column":4}}},"fnMap":{"0":{"name":"(anonymous_0)","decl":{"start":{"line":30,"column":39},"end":{"line":30,"column":40}},"loc":{"start":{"line":30,"column":45},"end":{"line":40,"column":1}},"line":30},"1":{"name":"(anonymous_1)","decl":{"start":{"line":42,"column":25},"end":{"line":42,"column":26}},"loc":{"start":{"line":42,"column":31},"end":{"line":100,"column":1}},"line":42},"2":{"name":"(anonymous_2)","decl":{"start":{"line":51,"column":32},"end":{"line":51,"column":33}},"loc":{"start":{"line":51,"column":38},"end":{"line":87,"column":3}},"line":51},"3":{"name":"(anonymous_3)","decl":{"start":{"line":62,"column":12},"end":{"line":62,"column":13}},"loc":{"start":{"line":62,"column":23},"end":{"line":62,"column":59}},"line":62},"4":{"name":"(anonymous_4)","decl":{"start":{"line":63,"column":11},"end":{"line":63,"column":12}},"loc":{"start":{"line":63,"column":23},"end":{"line":86,"column":7}},"line":63}},"branchMap":{"0":{"loc":{"start":{"line":45,"column":2},"end":{"line":47,"column":3}},"type":"if","locations":[{"start":{"line":45,"column":2},"end":{"line":47,"column":3}},{"start":{},"end":{}}],"line":45},"1":{"loc":{"start":{"line":54,"column":4},"end":{"line":56,"column":5}},"type":"if","locations":[{"start":{"line":54,"column":4},"end":{"line":56,"column":5}},{"start":{},"end":{}}],"line":54},"2":{"loc":{"start":{"line":62,"column":23},"end":{"line":62,"column":59}},"type":"cond-expr","locations":[{"start":{"line":62,"column":53},"end":{"line":62,"column":54}},{"start":{"line":62,"column":57},"end":{"line":62,"column":59}}],"line":62},"3":{"loc":{"start":{"line":71,"column":15},"end":{"line":79,"column":15}},"type":"binary-expr","locations":[{"start":{"line":71,"column":15},"end":{"line":71,"column":19}},{"start":{"line":72,"column":16},"end":{"line":78,"column":22}}],"line":71}},"s":{"0":0,"1":0,"2":0,"3":0,"4":0,"5":0,"6":0,"7":0,"8":0,"9":0,"10":0,"11":0,"12":0,"13":0,"14":0,"15":0,"16":0,"17":0,"18":0},"f":{"0":0,"1":0,"2":0,"3":0,"4":0},"b":{"0":[0,0],"1":[0,0],"2":[0,0],"3":[0,0]}}
,"/Users/hansen/Documents/GitHub/shredindex-frontend/components/GlobalToast/GlobalToast.tsx": {"path":"/Users/hansen/Documents/GitHub/shredindex-frontend/components/GlobalToast/GlobalToast.tsx","statementMap":{"0":{"start":{"line":12,"column":26},"end":{"line":18,"column":2}},"1":{"start":{"line":20,"column":30},"end":{"line":43,"column":1}},"2":{"start":{"line":21,"column":16},"end":{"line":21,"column":42}},"3":{"start":{"line":23,"column":2},"end":{"line":42,"column":4}}},"fnMap":{"0":{"name":"(anonymous_0)","decl":{"start":{"line":20,"column":30},"end":{"line":20,"column":31}},"loc":{"start":{"line":20,"column":36},"end":{"line":43,"column":1}},"line":20}},"branchMap":{"0":{"loc":{"start":{"line":34,"column":9},"end":{"line":39,"column":9}},"type":"binary-expr","locations":[{"start":{"line":34,"column":9},"end":{"line":34,"column":22}},{"start":{"line":35,"column":10},"end":{"line":38,"column":19}}],"line":34}},"s":{"0":0,"1":0,"2":0,"3":0},"f":{"0":0},"b":{"0":[0,0]}}
,"/Users/hansen/Documents/GitHub/shredindex-frontend/components/Header/Header.tsx": {"path":"/Users/hansen/Documents/GitHub/shredindex-frontend/components/Header/Header.tsx","statementMap":{"0":{"start":{"line":15,"column":25},"end":{"line":44,"column":1}},"1":{"start":{"line":16,"column":40},"end":{"line":16,"column":71}},"2":{"start":{"line":18,"column":2},"end":{"line":43,"column":4}},"3":{"start":{"line":24,"column":27},"end":{"line":24,"column":55}}},"fnMap":{"0":{"name":"(anonymous_0)","decl":{"start":{"line":15,"column":25},"end":{"line":15,"column":26}},"loc":{"start":{"line":15,"column":31},"end":{"line":44,"column":1}},"line":15},"1":{"name":"(anonymous_1)","decl":{"start":{"line":24,"column":21},"end":{"line":24,"column":22}},"loc":{"start":{"line":24,"column":27},"end":{"line":24,"column":55}},"line":24}},"branchMap":{},"s":{"0":0,"1":0,"2":0,"3":0},"f":{"0":0,"1":0},"b":{}}
,"/Users/hansen/Documents/GitHub/shredindex-frontend/components/HeaderMenuMain/HeaderMenuMain.tsx": {"path":"/Users/hansen/Documents/GitHub/shredindex-frontend/components/HeaderMenuMain/HeaderMenuMain.tsx","statementMap":{"0":{"start":{"line":7,"column":24},"end":{"line":7,"column":42}},"1":{"start":{"line":19,"column":33},"end":{"line":42,"column":1}},"2":{"start":{"line":20,"column":20},"end":{"line":20,"column":63}},"3":{"start":{"line":22,"column":2},"end":{"line":24,"column":3}},"4":{"start":{"line":23,"column":4},"end":{"line":23,"column":16}},"5":{"start":{"line":26,"column":2},"end":{"line":41,"column":4}},"6":{"start":{"line":29,"column":8},"end":{"line":38,"column":19}}},"fnMap":{"0":{"name":"(anonymous_0)","decl":{"start":{"line":19,"column":33},"end":{"line":19,"column":34}},"loc":{"start":{"line":19,"column":39},"end":{"line":42,"column":1}},"line":19},"1":{"name":"(anonymous_1)","decl":{"start":{"line":28,"column":17},"end":{"line":28,"column":18}},"loc":{"start":{"line":29,"column":8},"end":{"line":38,"column":19}},"line":29}},"branchMap":{"0":{"loc":{"start":{"line":22,"column":2},"end":{"line":24,"column":3}},"type":"if","locations":[{"start":{"line":22,"column":2},"end":{"line":24,"column":3}},{"start":{},"end":{}}],"line":22}},"s":{"0":0,"1":0,"2":0,"3":0,"4":0,"5":0,"6":0},"f":{"0":0,"1":0},"b":{"0":[0,0]}}
,"/Users/hansen/Documents/GitHub/shredindex-frontend/components/Home/home.tsx": {"path":"/Users/hansen/Documents/GitHub/shredindex-frontend/components/Home/home.tsx","statementMap":{"0":{"start":{"line":10,"column":23},"end":{"line":21,"column":1}},"1":{"start":{"line":11,"column":2},"end":{"line":20,"column":8}}},"fnMap":{"0":{"name":"(anonymous_0)","decl":{"start":{"line":10,"column":23},"end":{"line":10,"column":24}},"loc":{"start":{"line":11,"column":2},"end":{"line":20,"column":8}},"line":11}},"branchMap":{},"s":{"0":0,"1":0},"f":{"0":0},"b":{}}
,"/Users/hansen/Documents/GitHub/shredindex-frontend/components/HomeAdvancedFilters/HomeAdvancedFilters.tsx": {"path":"/Users/hansen/Documents/GitHub/shredindex-frontend/components/HomeAdvancedFilters/HomeAdvancedFilters.tsx","statementMap":{"0":{"start":{"line":11,"column":62},"end":{"line":13,"column":1}},"1":{"start":{"line":12,"column":2},"end":{"line":12,"column":52}},"2":{"start":{"line":15,"column":0},"end":{"line":17,"column":2}},"3":{"start":{"line":19,"column":38},"end":{"line":52,"column":1}},"4":{"start":{"line":20,"column":2},"end":{"line":51,"column":8}}},"fnMap":{"0":{"name":"(anonymous_0)","decl":{"start":{"line":11,"column":62},"end":{"line":11,"column":63}},"loc":{"start":{"line":12,"column":2},"end":{"line":12,"column":52}},"line":12},"1":{"name":"(anonymous_1)","decl":{"start":{"line":19,"column":38},"end":{"line":19,"column":39}},"loc":{"start":{"line":20,"column":2},"end":{"line":51,"column":8}},"line":20}},"branchMap":{},"s":{"0":0,"1":0,"2":0,"3":0,"4":0},"f":{"0":0,"1":0},"b":{}}
,"/Users/hansen/Documents/GitHub/shredindex-frontend/components/HomeAppFeatures/HomeAppFeatures.tsx": {"path":"/Users/hansen/Documents/GitHub/shredindex-frontend/components/HomeAppFeatures/HomeAppFeatures.tsx","statementMap":{"0":{"start":{"line":24,"column":46},"end":{"line":63,"column":1}},"1":{"start":{"line":27,"column":2},"end":{"line":62,"column":8}},"2":{"start":{"line":65,"column":36},"end":{"line":102,"column":1}},"3":{"start":{"line":104,"column":23},"end":{"line":113,"column":1}},"4":{"start":{"line":105,"column":2},"end":{"line":112,"column":9}},"5":{"start":{"line":115,"column":34},"end":{"line":140,"column":1}},"6":{"start":{"line":116,"column":2},"end":{"line":139,"column":8}},"7":{"start":{"line":126,"column":8},"end":{"line":126,"column":58}}},"fnMap":{"0":{"name":"(anonymous_0)","decl":{"start":{"line":24,"column":46},"end":{"line":24,"column":47}},"loc":{"start":{"line":27,"column":2},"end":{"line":62,"column":8}},"line":27},"1":{"name":"(anonymous_1)","decl":{"start":{"line":104,"column":23},"end":{"line":104,"column":24}},"loc":{"start":{"line":105,"column":2},"end":{"line":112,"column":9}},"line":105},"2":{"name":"(anonymous_2)","decl":{"start":{"line":115,"column":34},"end":{"line":115,"column":35}},"loc":{"start":{"line":116,"column":2},"end":{"line":139,"column":8}},"line":116},"3":{"name":"(anonymous_3)","decl":{"start":{"line":125,"column":20},"end":{"line":125,"column":21}},"loc":{"start":{"line":126,"column":8},"end":{"line":126,"column":58}},"line":126}},"branchMap":{"0":{"loc":{"start":{"line":32,"column":42},"end":{"line":32,"column":70}},"type":"cond-expr","locations":[{"start":{"line":32,"column":55},"end":{"line":32,"column":60}},{"start":{"line":32,"column":63},"end":{"line":32,"column":70}}],"line":32},"1":{"loc":{"start":{"line":32,"column":83},"end":{"line":32,"column":105}},"type":"cond-expr","locations":[{"start":{"line":32,"column":96},"end":{"line":32,"column":99}},{"start":{"line":32,"column":102},"end":{"line":32,"column":105}}],"line":32},"2":{"loc":{"start":{"line":49,"column":58},"end":{"line":49,"column":80}},"type":"cond-expr","locations":[{"start":{"line":49,"column":71},"end":{"line":49,"column":74}},{"start":{"line":49,"column":77},"end":{"line":49,"column":80}}],"line":49}},"s":{"0":0,"1":0,"2":0,"3":0,"4":0,"5":0,"6":0,"7":0},"f":{"0":0,"1":0,"2":0,"3":0},"b":{"0":[0,0],"1":[0,0],"2":[0,0]}}
,"/Users/hansen/Documents/GitHub/shredindex-frontend/components/HomeCTA/HomeCTA.tsx": {"path":"/Users/hansen/Documents/GitHub/shredindex-frontend/components/HomeCTA/HomeCTA.tsx","statementMap":{"0":{"start":{"line":7,"column":26},"end":{"line":63,"column":1}},"1":{"start":{"line":8,"column":2},"end":{"line":62,"column":8}},"2":{"start":{"line":15,"column":37},"end":{"line":15,"column":91}},"3":{"start":{"line":24,"column":38},"end":{"line":24,"column":95}},"4":{"start":{"line":42,"column":31},"end":{"line":42,"column":77}},"5":{"start":{"line":51,"column":33},"end":{"line":51,"column":79}}},"fnMap":{"0":{"name":"(anonymous_0)","decl":{"start":{"line":7,"column":26},"end":{"line":7,"column":27}},"loc":{"start":{"line":8,"column":2},"end":{"line":62,"column":8}},"line":8},"1":{"name":"(anonymous_1)","decl":{"start":{"line":15,"column":25},"end":{"line":15,"column":26}},"loc":{"start":{"line":15,"column":37},"end":{"line":15,"column":91}},"line":15},"2":{"name":"(anonymous_2)","decl":{"start":{"line":24,"column":26},"end":{"line":24,"column":27}},"loc":{"start":{"line":24,"column":38},"end":{"line":24,"column":95}},"line":24},"3":{"name":"(anonymous_3)","decl":{"start":{"line":42,"column":19},"end":{"line":42,"column":20}},"loc":{"start":{"line":42,"column":31},"end":{"line":42,"column":77}},"line":42},"4":{"name":"(anonymous_4)","decl":{"start":{"line":51,"column":21},"end":{"line":51,"column":22}},"loc":{"start":{"line":51,"column":33},"end":{"line":51,"column":79}},"line":51}},"branchMap":{},"s":{"0":0,"1":0,"2":0,"3":0,"4":0,"5":0},"f":{"0":0,"1":0,"2":0,"3":0,"4":0},"b":{}}
,"/Users/hansen/Documents/GitHub/shredindex-frontend/components/HomeHero/HomeHero.tsx": {"path":"/Users/hansen/Documents/GitHub/shredindex-frontend/components/HomeHero/HomeHero.tsx","statementMap":{"0":{"start":{"line":9,"column":17},"end":{"line":39,"column":1}},"1":{"start":{"line":10,"column":2},"end":{"line":38,"column":8}}},"fnMap":{"0":{"name":"(anonymous_0)","decl":{"start":{"line":9,"column":17},"end":{"line":9,"column":18}},"loc":{"start":{"line":10,"column":2},"end":{"line":38,"column":8}},"line":10}},"branchMap":{},"s":{"0":0,"1":0},"f":{"0":0},"b":{}}
,"/Users/hansen/Documents/GitHub/shredindex-frontend/components/HomeLifeStyles/HomeLifestyles.tsx": {"path":"/Users/hansen/Documents/GitHub/shredindex-frontend/components/HomeLifeStyles/HomeLifestyles.tsx","statementMap":{"0":{"start":{"line":14,"column":33},"end":{"line":45,"column":1}},"1":{"start":{"line":15,"column":52},"end":{"line":15,"column":81}},"2":{"start":{"line":17,"column":29},"end":{"line":19,"column":3}},"3":{"start":{"line":18,"column":4},"end":{"line":18,"column":36}},"4":{"start":{"line":22,"column":36},"end":{"line":22,"column":106}},"5":{"start":{"line":24,"column":2},"end":{"line":44,"column":4}}},"fnMap":{"0":{"name":"(anonymous_0)","decl":{"start":{"line":14,"column":33},"end":{"line":14,"column":34}},"loc":{"start":{"line":14,"column":39},"end":{"line":45,"column":1}},"line":14},"1":{"name":"(anonymous_1)","decl":{"start":{"line":17,"column":29},"end":{"line":17,"column":30}},"loc":{"start":{"line":17,"column":55},"end":{"line":19,"column":3}},"line":17}},"branchMap":{},"s":{"0":0,"1":0,"2":0,"3":0,"4":0,"5":0},"f":{"0":0,"1":0},"b":{}}
,"/Users/hansen/Documents/GitHub/shredindex-frontend/components/HomeProMember/HomeProMember.tsx": {"path":"/Users/hansen/Documents/GitHub/shredindex-frontend/components/HomeProMember/HomeProMember.tsx","statementMap":{"0":{"start":{"line":12,"column":32},"end":{"line":70,"column":1}},"1":{"start":{"line":13,"column":2},"end":{"line":69,"column":8}}},"fnMap":{"0":{"name":"(anonymous_0)","decl":{"start":{"line":12,"column":32},"end":{"line":12,"column":33}},"loc":{"start":{"line":13,"column":2},"end":{"line":69,"column":8}},"line":13}},"branchMap":{},"s":{"0":0,"1":0},"f":{"0":0},"b":{}}
,"/Users/hansen/Documents/GitHub/shredindex-frontend/components/HomeProMember/ProMemberResortList.tsx": {"path":"/Users/hansen/Documents/GitHub/shredindex-frontend/components/HomeProMember/ProMemberResortList.tsx","statementMap":{"0":{"start":{"line":10,"column":28},"end":{"line":26,"column":1}},"1":{"start":{"line":32,"column":64},"end":{"line":65,"column":1}},"2":{"start":{"line":33,"column":20},"end":{"line":33,"column":41}},"3":{"start":{"line":35,"column":18},"end":{"line":42,"column":3}},"4":{"start":{"line":44,"column":27},"end":{"line":45,"column":59}},"5":{"start":{"line":47,"column":2},"end":{"line":64,"column":4}},"6":{"start":{"line":57,"column":12},"end":{"line":59,"column":18}},"7":{"start":{"line":67,"column":0},"end":{"line":69,"column":2}}},"fnMap":{"0":{"name":"(anonymous_0)","decl":{"start":{"line":32,"column":64},"end":{"line":32,"column":65}},"loc":{"start":{"line":32,"column":79},"end":{"line":65,"column":1}},"line":32},"1":{"name":"(anonymous_1)","decl":{"start":{"line":56,"column":32},"end":{"line":56,"column":33}},"loc":{"start":{"line":57,"column":12},"end":{"line":59,"column":18}},"line":57}},"branchMap":{"0":{"loc":{"start":{"line":44,"column":27},"end":{"line":45,"column":59}},"type":"cond-expr","locations":[{"start":{"line":45,"column":6},"end":{"line":45,"column":25}},{"start":{"line":45,"column":28},"end":{"line":45,"column":59}}],"line":44}},"s":{"0":0,"1":0,"2":0,"3":0,"4":0,"5":0,"6":0,"7":0},"f":{"0":0,"1":0},"b":{"0":[0,0]}}
,"/Users/hansen/Documents/GitHub/shredindex-frontend/components/HomeResortCard/HomeResortCard.tsx": {"path":"/Users/hansen/Documents/GitHub/shredindex-frontend/components/HomeResortCard/HomeResortCard.tsx","statementMap":{"0":{"start":{"line":15,"column":54},"end":{"line":67,"column":1}},"1":{"start":{"line":16,"column":2},"end":{"line":18,"column":3}},"2":{"start":{"line":17,"column":4},"end":{"line":17,"column":51}},"3":{"start":{"line":22,"column":6},"end":{"line":22,"column":16}},"4":{"start":{"line":24,"column":37},"end":{"line":33,"column":5}},"5":{"start":{"line":24,"column":72},"end":{"line":33,"column":3}},"6":{"start":{"line":36,"column":37},"end":{"line":41,"column":3}},"7":{"start":{"line":43,"column":2},"end":{"line":66,"column":4}}},"fnMap":{"0":{"name":"(anonymous_0)","decl":{"start":{"line":15,"column":54},"end":{"line":15,"column":55}},"loc":{"start":{"line":15,"column":74},"end":{"line":67,"column":1}},"line":15},"1":{"name":"(anonymous_1)","decl":{"start":{"line":24,"column":55},"end":{"line":24,"column":56}},"loc":{"start":{"line":24,"column":72},"end":{"line":33,"column":3}},"line":24}},"branchMap":{"0":{"loc":{"start":{"line":16,"column":2},"end":{"line":18,"column":3}},"type":"if","locations":[{"start":{"line":16,"column":2},"end":{"line":18,"column":3}},{"start":{},"end":{}}],"line":16}},"s":{"0":0,"1":0,"2":0,"3":0,"4":0,"5":0,"6":0,"7":0},"f":{"0":0,"1":0},"b":{"0":[0,0]}}
,"/Users/hansen/Documents/GitHub/shredindex-frontend/components/HomeResortCard/HomeResortCardBody.tsx": {"path":"/Users/hansen/Documents/GitHub/shredindex-frontend/components/HomeResortCard/HomeResortCardBody.tsx","statementMap":{"0":{"start":{"line":14,"column":27},"end":{"line":15,"column":50}},"1":{"start":{"line":15,"column":2},"end":{"line":15,"column":50}},"2":{"start":{"line":15,"column":23},"end":{"line":15,"column":49}},"3":{"start":{"line":15,"column":37},"end":{"line":15,"column":48}},"4":{"start":{"line":17,"column":62},"end":{"line":101,"column":1}},"5":{"start":{"line":29,"column":2},"end":{"line":100,"column":8}},"6":{"start":{"line":95,"column":29},"end":{"line":95,"column":55}}},"fnMap":{"0":{"name":"(anonymous_0)","decl":{"start":{"line":14,"column":27},"end":{"line":14,"column":28}},"loc":{"start":{"line":15,"column":2},"end":{"line":15,"column":50}},"line":15},"1":{"name":"(anonymous_1)","decl":{"start":{"line":15,"column":11},"end":{"line":15,"column":12}},"loc":{"start":{"line":15,"column":23},"end":{"line":15,"column":49}},"line":15},"2":{"name":"(anonymous_2)","decl":{"start":{"line":15,"column":30},"end":{"line":15,"column":31}},"loc":{"start":{"line":15,"column":37},"end":{"line":15,"column":48}},"line":15},"3":{"name":"(anonymous_3)","decl":{"start":{"line":17,"column":62},"end":{"line":17,"column":63}},"loc":{"start":{"line":29,"column":2},"end":{"line":100,"column":8}},"line":29},"4":{"name":"(anonymous_4)","decl":{"start":{"line":95,"column":18},"end":{"line":95,"column":19}},"loc":{"start":{"line":95,"column":29},"end":{"line":95,"column":55}},"line":95}},"branchMap":{"0":{"loc":{"start":{"line":42,"column":9},"end":{"line":55,"column":9}},"type":"binary-expr","locations":[{"start":{"line":42,"column":9},"end":{"line":42,"column":20}},{"start":{"line":43,"column":10},"end":{"line":54,"column":16}}],"line":42},"1":{"loc":{"start":{"line":60,"column":7},"end":{"line":70,"column":7}},"type":"binary-expr","locations":[{"start":{"line":60,"column":7},"end":{"line":60,"column":27}},{"start":{"line":61,"column":8},"end":{"line":69,"column":14}}],"line":60},"2":{"loc":{"start":{"line":73,"column":7},"end":{"line":89,"column":9}},"type":"cond-expr","locations":[{"start":{"line":75,"column":10},"end":{"line":80,"column":12}},{"start":{"line":82,"column":10},"end":{"line":88,"column":12}}],"line":73},"3":{"loc":{"start":{"line":90,"column":7},"end":{"line":98,"column":7}},"type":"binary-expr","locations":[{"start":{"line":90,"column":7},"end":{"line":90,"column":48}},{"start":{"line":91,"column":8},"end":{"line":97,"column":10}}],"line":90},"4":{"loc":{"start":{"line":95,"column":29},"end":{"line":95,"column":55}},"type":"cond-expr","locations":[{"start":{"line":95,"column":49},"end":{"line":95,"column":51}},{"start":{"line":95,"column":54},"end":{"line":95,"column":55}}],"line":95}},"s":{"0":0,"1":0,"2":0,"3":0,"4":0,"5":0,"6":0},"f":{"0":0,"1":0,"2":0,"3":0,"4":0},"b":{"0":[0,0],"1":[0,0],"2":[0,0],"3":[0,0],"4":[0,0]}}
,"/Users/hansen/Documents/GitHub/shredindex-frontend/components/NumericList/NumericList.tsx": {"path":"/Users/hansen/Documents/GitHub/shredindex-frontend/components/NumericList/NumericList.tsx","statementMap":{"0":{"start":{"line":28,"column":48},"end":{"line":86,"column":1}},"1":{"start":{"line":34,"column":2},"end":{"line":40,"column":3}},"2":{"start":{"line":35,"column":4},"end":{"line":39,"column":6}},"3":{"start":{"line":42,"column":20},"end":{"line":42,"column":41}},"4":{"start":{"line":44,"column":18},"end":{"line":49,"column":3}},"5":{"start":{"line":51,"column":2},"end":{"line":85,"column":4}},"6":{"start":{"line":72,"column":12},"end":{"line":80,"column":18}}},"fnMap":{"0":{"name":"(anonymous_0)","decl":{"start":{"line":28,"column":48},"end":{"line":28,"column":49}},"loc":{"start":{"line":33,"column":6},"end":{"line":86,"column":1}},"line":33},"1":{"name":"(anonymous_1)","decl":{"start":{"line":65,"column":24},"end":{"line":65,"column":25}},"loc":{"start":{"line":72,"column":12},"end":{"line":80,"column":18}},"line":72}},"branchMap":{"0":{"loc":{"start":{"line":29,"column":2},"end":{"line":29,"column":16}},"type":"default-arg","locations":[{"start":{"line":29,"column":11},"end":{"line":29,"column":16}}],"line":29},"1":{"loc":{"start":{"line":34,"column":2},"end":{"line":40,"column":3}},"type":"if","locations":[{"start":{"line":34,"column":2},"end":{"line":40,"column":3}},{"start":{},"end":{}}],"line":34},"2":{"loc":{"start":{"line":47,"column":21},"end":{"line":47,"column":53}},"type":"binary-expr","locations":[{"start":{"line":47,"column":21},"end":{"line":47,"column":27}},{"start":{"line":47,"column":31},"end":{"line":47,"column":53}}],"line":47}},"s":{"0":0,"1":0,"2":0,"3":0,"4":0,"5":0,"6":0},"f":{"0":0,"1":0},"b":{"0":[0],"1":[0,0],"2":[0,0]}}
,"/Users/hansen/Documents/GitHub/shredindex-frontend/components/Pagination/Pagination.tsx": {"path":"/Users/hansen/Documents/GitHub/shredindex-frontend/components/Pagination/Pagination.tsx","statementMap":{"0":{"start":{"line":5,"column":30},"end":{"line":8,"column":10}},"1":{"start":{"line":27,"column":46},"end":{"line":136,"column":1}},"2":{"start":{"line":33,"column":17},"end":{"line":33,"column":28}},"3":{"start":{"line":34,"column":26},"end":{"line":34,"column":63}},"4":{"start":{"line":35,"column":27},"end":{"line":35,"column":83}},"5":{"start":{"line":37,"column":2},"end":{"line":43,"column":38}},"6":{"start":{"line":38,"column":4},"end":{"line":38,"column":25}},"7":{"start":{"line":39,"column":4},"end":{"line":42,"column":7}},"8":{"start":{"line":45,"column":16},"end":{"line":48,"column":3}},"9":{"start":{"line":50,"column":25},"end":{"line":50,"column":75}},"10":{"start":{"line":52,"column":18},"end":{"line":54,"column":9}},"11":{"start":{"line":53,"column":55},"end":{"line":53,"column":64}},"12":{"start":{"line":56,"column":35},"end":{"line":61,"column":3}},"13":{"start":{"line":63,"column":37},"end":{"line":76,"column":3}},"14":{"start":{"line":78,"column":39},"end":{"line":91,"column":3}},"15":{"start":{"line":93,"column":2},"end":{"line":93,"column":72}},"16":{"start":{"line":93,"column":48},"end":{"line":93,"column":72}},"17":{"start":{"line":94,"column":2},"end":{"line":94,"column":84}},"18":{"start":{"line":94,"column":55},"end":{"line":94,"column":84}},"19":{"start":{"line":96,"column":43},"end":{"line":105,"column":3}},"20":{"start":{"line":98,"column":27},"end":{"line":103,"column":5}},"21":{"start":{"line":107,"column":27},"end":{"line":114,"column":3}},"22":{"start":{"line":108,"column":4},"end":{"line":113,"column":5}},"23":{"start":{"line":109,"column":6},"end":{"line":112,"column":39}},"24":{"start":{"line":116,"column":2},"end":{"line":119,"column":3}},"25":{"start":{"line":118,"column":4},"end":{"line":118,"column":16}},"26":{"start":{"line":121,"column":2},"end":{"line":135,"column":4}},"27":{"start":{"line":124,"column":8},"end":{"line":132,"column":26}},"28":{"start":{"line":129,"column":25},"end":{"line":129,"column":54}}},"fnMap":{"0":{"name":"(anonymous_0)","decl":{"start":{"line":27,"column":46},"end":{"line":27,"column":47}},"loc":{"start":{"line":32,"column":6},"end":{"line":136,"column":1}},"line":32},"1":{"name":"(anonymous_1)","decl":{"start":{"line":37,"column":12},"end":{"line":37,"column":13}},"loc":{"start":{"line":37,"column":18},"end":{"line":43,"column":3}},"line":37},"2":{"name":"(anonymous_2)","decl":{"start":{"line":53,"column":45},"end":{"line":53,"column":46}},"loc":{"start":{"line":53,"column":55},"end":{"line":53,"column":64}},"line":53},"3":{"name":"(anonymous_3)","decl":{"start":{"line":98,"column":19},"end":{"line":98,"column":20}},"loc":{"start":{"line":98,"column":27},"end":{"line":103,"column":5}},"line":98},"4":{"name":"(anonymous_4)","decl":{"start":{"line":107,"column":27},"end":{"line":107,"column":28}},"loc":{"start":{"line":107,"column":55},"end":{"line":114,"column":3}},"line":107},"5":{"name":"(anonymous_5)","decl":{"start":{"line":123,"column":26},"end":{"line":123,"column":27}},"loc":{"start":{"line":124,"column":8},"end":{"line":132,"column":26}},"line":124},"6":{"name":"(anonymous_6)","decl":{"start":{"line":129,"column":19},"end":{"line":129,"column":20}},"loc":{"start":{"line":129,"column":25},"end":{"line":129,"column":54}},"line":129}},"branchMap":{"0":{"loc":{"start":{"line":29,"column":2},"end":{"line":29,"column":24}},"type":"default-arg","locations":[{"start":{"line":29,"column":23},"end":{"line":29,"column":24}}],"line":29},"1":{"loc":{"start":{"line":30,"column":8},"end":{"line":30,"column":39}},"type":"default-arg","locations":[{"start":{"line":30,"column":22},"end":{"line":30,"column":39}}],"line":30},"2":{"loc":{"start":{"line":31,"column":2},"end":{"line":31,"column":17}},"type":"default-arg","locations":[{"start":{"line":31,"column":16},"end":{"line":31,"column":17}}],"line":31},"3":{"loc":{"start":{"line":35,"column":27},"end":{"line":35,"column":83}},"type":"binary-expr","locations":[{"start":{"line":35,"column":27},"end":{"line":35,"column":68}},{"start":{"line":35,"column":72},"end":{"line":35,"column":83}}],"line":35},"4":{"loc":{"start":{"line":52,"column":18},"end":{"line":54,"column":9}},"type":"cond-expr","locations":[{"start":{"line":53,"column":6},"end":{"line":53,"column":65}},{"start":{"line":54,"column":6},"end":{"line":54,"column":9}}],"line":52},"5":{"loc":{"start":{"line":93,"column":2},"end":{"line":93,"column":72}},"type":"if","locations":[{"start":{"line":93,"column":2},"end":{"line":93,"column":72}},{"start":{},"end":{}}],"line":93},"6":{"loc":{"start":{"line":93,"column":6},"end":{"line":93,"column":46}},"type":"binary-expr","locations":[{"start":{"line":93,"column":6},"end":{"line":93,"column":18}},{"start":{"line":93,"column":22},"end":{"line":93,"column":46}}],"line":93},"7":{"loc":{"start":{"line":94,"column":2},"end":{"line":94,"column":84}},"type":"if","locations":[{"start":{"line":94,"column":2},"end":{"line":94,"column":84}},{"start":{},"end":{}}],"line":94},"8":{"loc":{"start":{"line":94,"column":6},"end":{"line":94,"column":53}},"type":"binary-expr","locations":[{"start":{"line":94,"column":6},"end":{"line":94,"column":18}},{"start":{"line":94,"column":22},"end":{"line":94,"column":53}}],"line":94},"9":{"loc":{"start":{"line":108,"column":4},"end":{"line":113,"column":5}},"type":"if","locations":[{"start":{"line":108,"column":4},"end":{"line":113,"column":5}},{"start":{},"end":{}}],"line":108},"10":{"loc":{"start":{"line":116,"column":2},"end":{"line":119,"column":3}},"type":"if","locations":[{"start":{"line":116,"column":2},"end":{"line":119,"column":3}},{"start":{},"end":{}}],"line":116}},"s":{"0":0,"1":0,"2":0,"3":0,"4":0,"5":0,"6":0,"7":0,"8":0,"9":0,"10":0,"11":0,"12":0,"13":0,"14":0,"15":0,"16":0,"17":0,"18":0,"19":0,"20":0,"21":0,"22":0,"23":0,"24":0,"25":0,"26":0,"27":0,"28":0},"f":{"0":0,"1":0,"2":0,"3":0,"4":0,"5":0,"6":0},"b":{"0":[0],"1":[0],"2":[0],"3":[0,0],"4":[0,0],"5":[0,0],"6":[0,0],"7":[0,0],"8":[0,0],"9":[0,0],"10":[0,0]}}
,"/Users/hansen/Documents/GitHub/shredindex-frontend/components/RangeSlider/RangeSlider.tsx": {"path":"/Users/hansen/Documents/GitHub/shredindex-frontend/components/RangeSlider/RangeSlider.tsx","statementMap":{"0":{"start":{"line":14,"column":48},"end":{"line":35,"column":1}},"1":{"start":{"line":23,"column":2},"end":{"line":34,"column":5}}},"fnMap":{"0":{"name":"(anonymous_0)","decl":{"start":{"line":14,"column":48},"end":{"line":14,"column":49}},"loc":{"start":{"line":23,"column":2},"end":{"line":34,"column":5}},"line":23}},"branchMap":{"0":{"loc":{"start":{"line":18,"column":2},"end":{"line":18,"column":11}},"type":"default-arg","locations":[{"start":{"line":18,"column":10},"end":{"line":18,"column":11}}],"line":18},"1":{"loc":{"start":{"line":21,"column":2},"end":{"line":21,"column":12}},"type":"default-arg","locations":[{"start":{"line":21,"column":10},"end":{"line":21,"column":12}}],"line":21}},"s":{"0":0,"1":0},"f":{"0":0},"b":{"0":[0],"1":[0]}}
,"/Users/hansen/Documents/GitHub/shredindex-frontend/components/RankedResortFilterMenu/RankedResortFilterMenu.tsx": {"path":"/Users/hansen/Documents/GitHub/shredindex-frontend/components/RankedResortFilterMenu/RankedResortFilterMenu.tsx","statementMap":{"0":{"start":{"line":18,"column":70},"end":{"line":85,"column":1}},"1":{"start":{"line":19,"column":28},"end":{"line":19,"column":66}},"2":{"start":{"line":20,"column":31},"end":{"line":20,"column":72}},"3":{"start":{"line":21,"column":30},"end":{"line":21,"column":70}},"4":{"start":{"line":23,"column":2},"end":{"line":84,"column":4}},"5":{"start":{"line":34,"column":23},"end":{"line":34,"column":48}},"6":{"start":{"line":50,"column":23},"end":{"line":50,"column":49}},"7":{"start":{"line":66,"column":23},"end":{"line":66,"column":46}}},"fnMap":{"0":{"name":"(anonymous_0)","decl":{"start":{"line":18,"column":70},"end":{"line":18,"column":71}},"loc":{"start":{"line":18,"column":94},"end":{"line":85,"column":1}},"line":18},"1":{"name":"(anonymous_1)","decl":{"start":{"line":34,"column":17},"end":{"line":34,"column":18}},"loc":{"start":{"line":34,"column":23},"end":{"line":34,"column":48}},"line":34},"2":{"name":"(anonymous_2)","decl":{"start":{"line":50,"column":17},"end":{"line":50,"column":18}},"loc":{"start":{"line":50,"column":23},"end":{"line":50,"column":49}},"line":50},"3":{"name":"(anonymous_3)","decl":{"start":{"line":66,"column":17},"end":{"line":66,"column":18}},"loc":{"start":{"line":66,"column":23},"end":{"line":66,"column":46}},"line":66}},"branchMap":{"0":{"loc":{"start":{"line":69,"column":9},"end":{"line":73,"column":9}},"type":"binary-expr","locations":[{"start":{"line":69,"column":9},"end":{"line":69,"column":28}},{"start":{"line":70,"column":10},"end":{"line":72,"column":19}}],"line":69}},"s":{"0":0,"1":0,"2":0,"3":0,"4":0,"5":0,"6":0,"7":0},"f":{"0":0,"1":0,"2":0,"3":0},"b":{"0":[0,0]}}
,"/Users/hansen/Documents/GitHub/shredindex-frontend/components/RankedResortFilterMenu/RankedResortFilterMenuSkeleton.tsx": {"path":"/Users/hansen/Documents/GitHub/shredindex-frontend/components/RankedResortFilterMenu/RankedResortFilterMenuSkeleton.tsx","statementMap":{"0":{"start":{"line":4,"column":39},"end":{"line":10,"column":1}},"1":{"start":{"line":5,"column":2},"end":{"line":9,"column":8}}},"fnMap":{"0":{"name":"(anonymous_0)","decl":{"start":{"line":4,"column":39},"end":{"line":4,"column":40}},"loc":{"start":{"line":5,"column":2},"end":{"line":9,"column":8}},"line":5}},"branchMap":{},"s":{"0":0,"1":0},"f":{"0":0},"b":{}}
,"/Users/hansen/Documents/GitHub/shredindex-frontend/components/RankedResortFilterTray/RankedResortFilterTray.tsx": {"path":"/Users/hansen/Documents/GitHub/shredindex-frontend/components/RankedResortFilterTray/RankedResortFilterTray.tsx","statementMap":{"0":{"start":{"line":20,"column":41},"end":{"line":192,"column":1}},"1":{"start":{"line":21,"column":32},"end":{"line":21,"column":67}},"2":{"start":{"line":22,"column":34},"end":{"line":22,"column":78}},"3":{"start":{"line":23,"column":27},"end":{"line":23,"column":66}},"4":{"start":{"line":24,"column":36},"end":{"line":24,"column":55}},"5":{"start":{"line":25,"column":17},"end":{"line":25,"column":28}},"6":{"start":{"line":27,"column":22},"end":{"line":27,"column":72}},"7":{"start":{"line":27,"column":40},"end":{"line":27,"column":57}},"8":{"start":{"line":29,"column":19},"end":{"line":80,"column":37}},"9":{"start":{"line":30,"column":29},"end":{"line":51,"column":5}},"10":{"start":{"line":31,"column":6},"end":{"line":50,"column":11}},"11":{"start":{"line":32,"column":25},"end":{"line":32,"column":39}},"12":{"start":{"line":34,"column":10},"end":{"line":48,"column":11}},"13":{"start":{"line":36,"column":12},"end":{"line":40,"column":15}},"14":{"start":{"line":41,"column":17},"end":{"line":48,"column":11}},"15":{"start":{"line":43,"column":12},"end":{"line":47,"column":81}},"16":{"start":{"line":43,"column":48},"end":{"line":47,"column":13}},"17":{"start":{"line":47,"column":33},"end":{"line":47,"column":79}},"18":{"start":{"line":49,"column":10},"end":{"line":49,"column":20}},"19":{"start":{"line":54,"column":26},"end":{"line":54,"column":64}},"20":{"start":{"line":57,"column":28},"end":{"line":59,"column":5}},"21":{"start":{"line":58,"column":34},"end":{"line":58,"column":84}},"22":{"start":{"line":62,"column":25},"end":{"line":69,"column":5}},"23":{"start":{"line":72,"column":4},"end":{"line":75,"column":37}},"24":{"start":{"line":79,"column":4},"end":{"line":79,"column":18}},"25":{"start":{"line":83,"column":2},"end":{"line":112,"column":42}},"26":{"start":{"line":84,"column":28},"end":{"line":109,"column":5}},"27":{"start":{"line":85,"column":29},"end":{"line":85,"column":134}},"28":{"start":{"line":87,"column":6},"end":{"line":108,"column":9}},"29":{"start":{"line":88,"column":35},"end":{"line":101,"column":10}},"30":{"start":{"line":89,"column":40},"end":{"line":89,"column":146}},"31":{"start":{"line":89,"column":98},"end":{"line":89,"column":145}},"32":{"start":{"line":90,"column":10},"end":{"line":99,"column":11}},"33":{"start":{"line":91,"column":12},"end":{"line":98,"column":14}},"34":{"start":{"line":95,"column":39},"end":{"line":95,"column":118}},"35":{"start":{"line":95,"column":86},"end":{"line":95,"column":117}},"36":{"start":{"line":96,"column":16},"end":{"line":96,"column":92}},"37":{"start":{"line":100,"column":10},"end":{"line":100,"column":47}},"38":{"start":{"line":103,"column":8},"end":{"line":107,"column":10}},"39":{"start":{"line":111,"column":4},"end":{"line":111,"column":22}},"40":{"start":{"line":115,"column":23},"end":{"line":146,"column":55}},"41":{"start":{"line":116,"column":4},"end":{"line":116,"column":23}},"42":{"start":{"line":117,"column":4},"end":{"line":117,"column":43}},"43":{"start":{"line":117,"column":30},"end":{"line":117,"column":41}},"44":{"start":{"line":118,"column":4},"end":{"line":118,"column":50}},"45":{"start":{"line":120,"column":44},"end":{"line":127,"column":7}},"46":{"start":{"line":120,"column":81},"end":{"line":127,"column":5}},"47":{"start":{"line":123,"column":46},"end":{"line":126,"column":7}},"48":{"start":{"line":129,"column":36},"end":{"line":132,"column":5}},"49":{"start":{"line":134,"column":4},"end":{"line":134,"column":31}},"50":{"start":{"line":136,"column":25},"end":{"line":140,"column":5}},"51":{"start":{"line":142,"column":4},"end":{"line":145,"column":37}},"52":{"start":{"line":148,"column":23},"end":{"line":150,"column":8}},"53":{"start":{"line":149,"column":4},"end":{"line":149,"column":87}},"54":{"start":{"line":152,"column":27},"end":{"line":159,"column":8}},"55":{"start":{"line":153,"column":4},"end":{"line":158,"column":5}},"56":{"start":{"line":154,"column":28},"end":{"line":154,"column":68}},"57":{"start":{"line":155,"column":6},"end":{"line":157,"column":7}},"58":{"start":{"line":156,"column":8},"end":{"line":156,"column":52}},"59":{"start":{"line":161,"column":2},"end":{"line":161,"column":28}},"60":{"start":{"line":161,"column":16},"end":{"line":161,"column":28}},"61":{"start":{"line":163,"column":2},"end":{"line":191,"column":4}}},"fnMap":{"0":{"name":"(anonymous_0)","decl":{"start":{"line":20,"column":41},"end":{"line":20,"column":42}},"loc":{"start":{"line":20,"column":47},"end":{"line":192,"column":1}},"line":20},"1":{"name":"(anonymous_1)","decl":{"start":{"line":27,"column":34},"end":{"line":27,"column":35}},"loc":{"start":{"line":27,"column":40},"end":{"line":27,"column":57}},"line":27},"2":{"name":"(anonymous_2)","decl":{"start":{"line":29,"column":31},"end":{"line":29,"column":32}},"loc":{"start":{"line":29,"column":37},"end":{"line":80,"column":3}},"line":29},"3":{"name":"(anonymous_3)","decl":{"start":{"line":30,"column":29},"end":{"line":30,"column":30}},"loc":{"start":{"line":30,"column":85},"end":{"line":51,"column":5}},"line":30},"4":{"name":"(anonymous_4)","decl":{"start":{"line":32,"column":16},"end":{"line":32,"column":17}},"loc":{"start":{"line":32,"column":25},"end":{"line":32,"column":39}},"line":32},"5":{"name":"(anonymous_5)","decl":{"start":{"line":33,"column":17},"end":{"line":33,"column":18}},"loc":{"start":{"line":33,"column":26},"end":{"line":50,"column":9}},"line":33},"6":{"name":"(anonymous_6)","decl":{"start":{"line":43,"column":37},"end":{"line":43,"column":38}},"loc":{"start":{"line":43,"column":48},"end":{"line":47,"column":13}},"line":43},"7":{"name":"(anonymous_7)","decl":{"start":{"line":47,"column":23},"end":{"line":47,"column":24}},"loc":{"start":{"line":47,"column":33},"end":{"line":47,"column":79}},"line":47},"8":{"name":"(anonymous_8)","decl":{"start":{"line":58,"column":24},"end":{"line":58,"column":25}},"loc":{"start":{"line":58,"column":34},"end":{"line":58,"column":84}},"line":58},"9":{"name":"(anonymous_9)","decl":{"start":{"line":83,"column":12},"end":{"line":83,"column":13}},"loc":{"start":{"line":83,"column":18},"end":{"line":112,"column":3}},"line":83},"10":{"name":"(anonymous_10)","decl":{"start":{"line":84,"column":28},"end":{"line":84,"column":29}},"loc":{"start":{"line":84,"column":34},"end":{"line":109,"column":5}},"line":84},"11":{"name":"(anonymous_11)","decl":{"start":{"line":87,"column":18},"end":{"line":87,"column":19}},"loc":{"start":{"line":87,"column":31},"end":{"line":108,"column":7}},"line":87},"12":{"name":"(anonymous_12)","decl":{"start":{"line":88,"column":61},"end":{"line":88,"column":62}},"loc":{"start":{"line":88,"column":70},"end":{"line":101,"column":9}},"line":88},"13":{"name":"(anonymous_13)","decl":{"start":{"line":89,"column":74},"end":{"line":89,"column":75}},"loc":{"start":{"line":89,"column":98},"end":{"line":89,"column":145}},"line":89},"14":{"name":"(anonymous_14)","decl":{"start":{"line":94,"column":41},"end":{"line":94,"column":42}},"loc":{"start":{"line":94,"column":51},"end":{"line":97,"column":15}},"line":94},"15":{"name":"(anonymous_15)","decl":{"start":{"line":95,"column":66},"end":{"line":95,"column":67}},"loc":{"start":{"line":95,"column":86},"end":{"line":95,"column":117}},"line":95},"16":{"name":"(anonymous_16)","decl":{"start":{"line":115,"column":35},"end":{"line":115,"column":36}},"loc":{"start":{"line":115,"column":41},"end":{"line":146,"column":3}},"line":115},"17":{"name":"(anonymous_17)","decl":{"start":{"line":117,"column":17},"end":{"line":117,"column":18}},"loc":{"start":{"line":117,"column":30},"end":{"line":117,"column":41}},"line":117},"18":{"name":"(anonymous_18)","decl":{"start":{"line":120,"column":69},"end":{"line":120,"column":70}},"loc":{"start":{"line":120,"column":81},"end":{"line":127,"column":5}},"line":120},"19":{"name":"(anonymous_19)","decl":{"start":{"line":123,"column":33},"end":{"line":123,"column":34}},"loc":{"start":{"line":123,"column":46},"end":{"line":126,"column":7}},"line":123},"20":{"name":"(anonymous_20)","decl":{"start":{"line":148,"column":35},"end":{"line":148,"column":36}},"loc":{"start":{"line":148,"column":77},"end":{"line":150,"column":3}},"line":148},"21":{"name":"(anonymous_21)","decl":{"start":{"line":152,"column":39},"end":{"line":152,"column":40}},"loc":{"start":{"line":152,"column":71},"end":{"line":159,"column":3}},"line":152}},"branchMap":{"0":{"loc":{"start":{"line":34,"column":10},"end":{"line":48,"column":11}},"type":"if","locations":[{"start":{"line":34,"column":10},"end":{"line":48,"column":11}},{"start":{"line":41,"column":17},"end":{"line":48,"column":11}}],"line":34},"1":{"loc":{"start":{"line":34,"column":14},"end":{"line":34,"column":150}},"type":"binary-expr","locations":[{"start":{"line":34,"column":14},"end":{"line":34,"column":40}},{"start":{"line":34,"column":45},"end":{"line":34,"column":78}},{"start":{"line":34,"column":82},"end":{"line":34,"column":114}},{"start":{"line":34,"column":118},"end":{"line":34,"column":149}}],"line":34},"2":{"loc":{"start":{"line":39,"column":21},"e
[...]
,"/Users/hansen/Documents/GitHub/shredindex-frontend/src/js/hooks/useQueryResorts.js": {"path":"/Users/hansen/Documents/GitHub/shredindex-frontend/src/js/hooks/useQueryResorts.js","statementMap":{"0":{"start":{"line":4,"column":29},"end":{"line":73,"column":1}},"1":{"start":{"line":75,"column":24},"end":{"line":83,"column":1}},"2":{"start":{"line":75,"column":41},"end":{"line":83,"column":1}}},"fnMap":{"0":{"name":"(anonymous_0)","decl":{"start":{"line":75,"column":24},"end":{"line":75,"column":25}},"loc":{"start":{"line":75,"column":41},"end":{"line":83,"column":1}},"line":75}},"branchMap":{},"s":{"0":86,"1":86,"2":91},"f":{"0":91},"b":{},"_coverageSchema":"1a1c01bbd47fc00a2c39e90264f33305004495a9","hash":"85e04f3d1189fadee11e76bb79dfa0f5b21ae768"}
,"/Users/hansen/Documents/GitHub/shredindex-frontend/src/js/hooks/useStaticMenu.js": {"path":"/Users/hansen/Documents/GitHub/shredindex-frontend/src/js/hooks/useStaticMenu.js","statementMap":{"0":{"start":{"line":6,"column":33},"end":{"line":19,"column":1}},"1":{"start":{"line":21,"column":31},"end":{"line":24,"column":2}},"2":{"start":{"line":21,"column":42},"end":{"line":24,"column":1}},"3":{"start":{"line":29,"column":22},"end":{"line":60,"column":1}},"4":{"start":{"line":30,"column":31},"end":{"line":30,"column":52}},"5":{"start":{"line":31,"column":35},"end":{"line":36,"column":3}},"6":{"start":{"line":37,"column":23},"end":{"line":37,"column":36}},"7":{"start":{"line":39,"column":16},"end":{"line":57,"column":3}},"8":{"start":{"line":41,"column":6},"end":{"line":44,"column":7}},"9":{"start":{"line":43,"column":8},"end":{"line":43,"column":18}},"10":{"start":{"line":46,"column":44},"end":{"line":46,"column":48}},"11":{"start":{"line":49,"column":6},"end":{"line":54,"column":9}},"12":{"start":{"line":50,"column":37},"end":{"line":50,"column":54}},"13":{"start":{"line":51,"column":26},"end":{"line":51,"column":45}},"14":{"start":{"line":53,"column":8},"end":{"line":53,"column":51}},"15":{"start":{"line":59,"column":2},"end":{"line":59,"column":35}}},"fnMap":{"0":{"name":"(anonymous_0)","decl":{"start":{"line":21,"column":31},"end":{"line":21,"column":32}},"loc":{"start":{"line":21,"column":42},"end":{"line":24,"column":1}},"line":21},"1":{"name":"(anonymous_1)","decl":{"start":{"line":29,"column":22},"end":{"line":29,"column":23}},"loc":{"start":{"line":29,"column":32},"end":{"line":60,"column":1}},"line":29},"2":{"name":"(anonymous_2)","decl":{"start":{"line":40,"column":4},"end":{"line":40,"column":5}},"loc":{"start":{"line":40,"column":10},"end":{"line":55,"column":5}},"line":40},"3":{"name":"(anonymous_3)","decl":{"start":{"line":49,"column":27},"end":{"line":49,"column":28}},"loc":{"start":{"line":49,"column":37},"end":{"line":54,"column":7}},"line":49}},"branchMap":{"0":{"loc":{"start":{"line":41,"column":6},"end":{"line":44,"column":7}},"type":"if","locations":[{"start":{"line":41,"column":6},"end":{"line":44,"column":7}},{"start":{},"end":{}}],"line":41}},"s":{"0":36,"1":36,"2":114,"3":36,"4":114,"5":114,"6":114,"7":114,"8":81,"9":51,"10":30,"11":30,"12":60,"13":60,"14":60,"15":114},"f":{"0":114,"1":114,"2":81,"3":60},"b":{"0":[51,30]},"_coverageSchema":"1a1c01bbd47fc00a2c39e90264f33305004495a9","hash":"31dcb8f99c65851a8ef47f20540c8f0a1901dcaf"}
,"/Users/hansen/Documents/GitHub/shredindex-frontend/src/js/hooks/useSuspenseQuery.js": {"path":"/Users/hansen/Documents/GitHub/shredindex-frontend/src/js/hooks/useSuspenseQuery.js","statementMap":{"0":{"start":{"line":8,"column":25},"end":{"line":12,"column":1}},"1":{"start":{"line":9,"column":17},"end":{"line":9,"column":34}},"2":{"start":{"line":11,"column":2},"end":{"line":11,"column":66}},"3":{"start":{"line":11,"column":23},"end":{"line":11,"column":53}}},"fnMap":{"0":{"name":"(anonymous_0)","decl":{"start":{"line":8,"column":25},"end":{"line":8,"column":26}},"loc":{"start":{"line":8,"column":38},"end":{"line":12,"column":1}},"line":8},"1":{"name":"(anonymous_1)","decl":{"start":{"line":11,"column":17},"end":{"line":11,"column":18}},"loc":{"start":{"line":11,"column":23},"end":{"line":11,"column":53}},"line":11}},"branchMap":{},"s":{"0":15,"1":45,"2":45,"3":45},"f":{"0":45,"1":45},"b":{},"_coverageSchema":"1a1c01bbd47fc00a2c39e90264f33305004495a9","hash":"46af17ab0f65e48c38d2e6d96b3ba0e5a4e3b3d3"}
,"/Users/hansen/Documents/GitHub/shredindex-frontend/src/js/hooks/tests/TestSuspenseQuery.js": {"path":"/Users/hansen/Documents/GitHub/shredindex-frontend/src/js/hooks/tests/TestSuspenseQuery.js","statementMap":{"0":{"start":{"line":9,"column":26},"end":{"line":18,"column":1}},"1":{"start":{"line":10,"column":16},"end":{"line":10,"column":41}},"2":{"start":{"line":13,"column":2},"end":{"line":15,"column":3}},"3":{"start":{"line":14,"column":4},"end":{"line":14,"column":20}},"4":{"start":{"line":17,"column":2},"end":{"line":17,"column":50}},"5":{"start":{"line":20,"column":0},"end":{"line":25,"column":2}}},"fnMap":{"0":{"name":"(anonymous_0)","decl":{"start":{"line":9,"column":26},"end":{"line":9,"column":27}},"loc":{"start":{"line":9,"column":53},"end":{"line":18,"column":1}},"line":9}},"branchMap":{"0":{"loc":{"start":{"line":13,"column":2},"end":{"line":15,"column":3}},"type":"if","locations":[{"start":{"line":13,"column":2},"end":{"line":15,"column":3}},{"start":{},"end":{}}],"line":13}},"s":{"0":15,"1":45,"2":45,"3":45,"4":45,"5":15},"f":{"0":45},"b":{"0":[45,0]},"_coverageSchema":"1a1c01bbd47fc00a2c39e90264f33305004495a9","hash":"96e8a0b572f9d116bc705f12a7f8c2ca9ae92bb5"}
,"/Users/hansen/Documents/GitHub/shredindex-frontend/src/js/utility/query-cms-page.js": {"path":"/Users/hansen/Documents/GitHub/shredindex-frontend/src/js/utility/query-cms-page.js","statementMap":{"0":{"start":{"line":3,"column":30},"end":{"line":13,"column":1}},"1":{"start":{"line":19,"column":21},"end":{"line":22,"column":2}},"2":{"start":{"line":19,"column":31},"end":{"line":22,"column":1}}},"fnMap":{"0":{"name":"(anonymous_0)","decl":{"start":{"line":19,"column":21},"end":{"line":19,"column":22}},"loc":{"start":{"line":19,"column":31},"end":{"line":22,"column":1}},"line":19}},"branchMap":{},"s":{"0":45,"1":45,"2":255},"f":{"0":255},"b":{},"_coverageSchema":"1a1c01bbd47fc00a2c39e90264f33305004495a9","hash":"ceb8026bdd8dea37e8d922b945e25a9213556a08"}
,"/Users/hansen/Documents/GitHub/shredindex-frontend/src/js/utility/suspense-query.js": {"path":"/Users/hansen/Documents/GitHub/shredindex-frontend/src/js/utility/suspense-query.js","statementMap":{"0":{"start":{"line":1,"column":17},"end":{"line":5,"column":1}},"1":{"start":{"line":7,"column":20},"end":{"line":7,"column":34}},"2":{"start":{"line":12,"column":22},"end":{"line":56,"column":1}},"3":{"start":{"line":13,"column":15},"end":{"line":13,"column":31}},"4":{"start":{"line":17,"column":17},"end":{"line":32,"column":4}},"5":{"start":{"line":18,"column":4},"end":{"line":21,"column":5}},"6":{"start":{"line":20,"column":6},"end":{"line":20,"column":50}},"7":{"start":{"line":23,"column":4},"end":{"line":28,"column":5}},"8":{"start":{"line":26,"column":6},"end":{"line":27,"column":66}},"9":{"start":{"line":31,"column":4},"end":{"line":31,"column":51}},"10":{"start":{"line":35,"column":20},"end":{"line":43,"column":6}},"11":{"start":{"line":37,"column":6},"end":{"line":37,"column":32}},"12":{"start":{"line":38,"column":6},"end":{"line":38,"column":20}},"13":{"start":{"line":41,"column":6},"end":{"line":41,"column":30}},"14":{"start":{"line":42,"column":6},"end":{"line":42,"column":19}},"15":{"start":{"line":45,"column":2},"end":{"line":55,"column":4}},"16":{"start":{"line":47,"column":6},"end":{"line":53,"column":7}},"17":{"start":{"line":48,"column":8},"end":{"line":48,"column":24}},"18":{"start":{"line":49,"column":13},"end":{"line":53,"column":7}},"19":{"start":{"line":50,"column":8},"end":{"line":50,"column":21}},"20":{"start":{"line":52,"column":8},"end":{"line":52,"column":22}}},"fnMap":{"0":{"name":"(anonymous_0)","decl":{"start":{"line":12,"column":22},"end":{"line":12,"column":23}},"loc":{"start":{"line":12,"column":43},"end":{"line":56,"column":1}},"line":12},"1":{"name":"(anonymous_1)","decl":{"start":{"line":17,"column":29},"end":{"line":17,"column":30}},"loc":{"start":{"line":17,"column":40},"end":{"line":32,"column":3}},"line":17},"2":{"name":"(anonymous_2)","decl":{"start":{"line":36,"column":10},"end":{"line":36,"column":11}},"loc":{"start":{"line":36,"column":20},"end":{"line":39,"column":5}},"line":36},"3":{"name":"(anonymous_3)","decl":{"start":{"line":40,"column":11},"end":{"line":40,"column":12}},"loc":{"start":{"line":40,"column":20},"end":{"line":43,"column":5}},"line":40},"4":{"name":"(anonymous_4)","decl":{"start":{"line":46,"column":4},"end":{"line":46,"column":5}},"loc":{"start":{"line":46,"column":11},"end":{"line":54,"column":5}},"line":46}},"branchMap":{"0":{"loc":{"start":{"line":18,"column":4},"end":{"line":21,"column":5}},"type":"if","locations":[{"start":{"line":18,"column":4},"end":{"line":21,"column":5}},{"start":{},"end":{}}],"line":18},"1":{"loc":{"start":{"line":23,"column":4},"end":{"line":28,"column":5}},"type":"if","locations":[{"start":{"line":23,"column":4},"end":{"line":28,"column":5}},{"start":{},"end":{}}],"line":23},"2":{"loc":{"start":{"line":23,"column":8},"end":{"line":24,"column":67}},"type":"binary-expr","locations":[{"start":{"line":23,"column":8},"end":{"line":23,"column":61}},{"start":{"line":24,"column":9},"end":{"line":24,"column":67}}],"line":23},"3":{"loc":{"start":{"line":47,"column":6},"end":{"line":53,"column":7}},"type":"if","locations":[{"start":{"line":47,"column":6},"end":{"line":53,"column":7}},{"start":{"line":49,"column":13},"end":{"line":53,"column":7}}],"line":47},"4":{"loc":{"start":{"line":49,"column":13},"end":{"line":53,"column":7}},"type":"if","locations":[{"start":{"line":49,"column":13},"end":{"line":53,"column":7}},{"start":{"line":51,"column":13},"end":{"line":53,"column":7}}],"line":49}},"s":{"0":15,"1":15,"2":15,"3":75,"4":75,"5":75,"6":45,"7":30,"8":30,"9":0,"10":45,"11":45,"12":45,"13":0,"14":0,"15":45,"16":75,"17":45,"18":30,"19":0,"20":30},"f":{"0":75,"1":75,"2":45,"3":0,"4":75},"b":{"0":[45,30],"1":[30,0],"2":[30,15],"3":[45,30],"4":[0,30]},"_coverageSchema":"1a1c01bbd47fc00a2c39e90264f33305004495a9","hash":"9ad1bffccbc94211979ed0a0d33c38c4c0190393"}
,"/Users/hansen/Documents/GitHub/shredindex-frontend/src/stories/RankedResortFilter/RankedResortFilterTray.stories.js": {"path":"/Users/hansen/Documents/GitHub/shredindex-frontend/src/stories/RankedResortFilter/RankedResortFilterTray.stories.js","statementMap":{"0":{"start":{"line":12,"column":26},"end":{"line":18,"column":1}},"1":{"start":{"line":13,"column":2},"end":{"line":17,"column":17}}},"fnMap":{"0":{"name":"(anonymous_0)","decl":{"start":{"line":12,"column":26},"end":{"line":12,"column":27}},"loc":{"start":{"line":13,"column":2},"end":{"line":17,"column":17}},"line":13}},"branchMap":{},"s":{"0":13,"1":13},"f":{"0":13},"b":{},"_coverageSchema":"1a1c01bbd47fc00a2c39e90264f33305004495a9","hash":"1f2d24095ec650647e4c7ed7616fb8dfd9bd7cae"}
,"/Users/hansen/Documents/GitHub/shredindex-frontend/src/stories/RankedResortFilter/RankedResortFilters.stories.js": {"path":"/Users/hansen/Documents/GitHub/shredindex-frontend/src/stories/RankedResortFilter/RankedResortFilters.stories.js","statementMap":{"0":{"start":{"line":11,"column":23},"end":{"line":15,"column":1}},"1":{"start":{"line":12,"column":2},"end":{"line":14,"column":17}}},"fnMap":{"0":{"name":"(anonymous_0)","decl":{"start":{"line":11,"column":23},"end":{"line":11,"column":24}},"loc":{"start":{"line":12,"column":2},"end":{"line":14,"column":17}},"line":12}},"branchMap":{},"s":{"0":19,"1":19},"f":{"0":19},"b":{},"_coverageSchema":"1a1c01bbd47fc00a2c39e90264f33305004495a9","hash":"0b3785f3db64837b139f31e10ff05db0f7995c08"}
,"/Users/hansen/Documents/GitHub/shredindex-frontend/src/stories/Resort/RankedResortList.stories.js": {"path":"/Users/hansen/Documents/GitHub/shredindex-frontend/src/stories/Resort/RankedResortList.stories.js","statementMap":{"0":{"start":{"line":34,"column":32},"end":{"line":203,"column":1}},"1":{"start":{"line":35,"column":24},"end":{"line":35,"column":28}},"2":{"start":{"line":36,"column":20},"end":{"line":36,"column":21}},"3":{"start":{"line":37,"column":19},"end":{"line":37,"column":21}},"4":{"start":{"line":39,"column":16},"end":{"line":143,"column":3}},"5":{"start":{"line":145,"column":2},"end":{"line":161,"column":3}},"6":{"start":{"line":146,"column":4},"end":{"line":160,"column":6}},"7":{"start":{"line":155,"column":55},"end":{"line":155,"column":56}},"8":{"start":{"line":156,"column":12},"end":{"line":156,"column":46}},"9":{"start":{"line":163,"column":2},"end":{"line":178,"column":3}},"10":{"start":{"line":164,"column":4},"end":{"line":177,"column":6}},"11":{"start":{"line":180,"column":2},"end":{"line":202,"column":4}}},"fnMap":{"0":{"name":"(anonymous_0)","decl":{"start":{"line":34,"column":32},"end":{"line":34,"column":33}},"loc":{"start":{"line":34,"column":42},"end":{"line":203,"column":1}},"line":34},"1":{"name":"(anonymous_1)","decl":{"start":{"line":155,"column":45},"end":{"line":155,"column":46}},"loc":{"start":{"line":155,"column":55},"end":{"line":155,"column":56}},"line":155},"2":{"name":"(anonymous_2)","decl":{"start":{"line":155,"column":62},"end":{"line":155,"column":63}},"loc":{"start":{"line":156,"column":12},"end":{"line":156,"column":46}},"line":156}},"branchMap":{"0":{"loc":{"start":{"line":145,"column":2},"end":{"line":161,"column":3}},"type":"if","locations":[{"start":{"line":145,"column":2},"end":{"line":161,"column":3}},{"start":{},"end":{}}],"line":145},"1":{"loc":{"start":{"line":163,"column":2},"end":{"line":178,"column":3}},"type":"if","locations":[{"start":{"line":163,"column":2},"end":{"line":178,"column":3}},{"start":{},"end":{}}],"line":163}},"s":{"0":32,"1":32,"2":32,"3":32,"4":32,"5":32,"6":9,"7":45,"8":45,"9":23,"10":4,"11":19},"f":{"0":32,"1":45,"2":45},"b":{"0":[9,23],"1":[4,19]},"_coverageSchema":"1a1c01bbd47fc00a2c39e90264f33305004495a9","hash":"655096d45e3cf3a66e03a74e9bf69625645c7aef"}
,"/Users/hansen/Documents/GitHub/shredindex-frontend/src/stories/Resort/Resort.stories.js": {"path":"/Users/hansen/Documents/GitHub/shredindex-frontend/src/stories/Resort/Resort.stories.js","statementMap":{"0":{"start":{"line":15,"column":22},"end":{"line":89,"column":1}},"1":{"start":{"line":16,"column":16},"end":{"line":76,"column":3}},"2":{"start":{"line":78,"column":2},"end":{"line":88,"column":4}}},"fnMap":{"0":{"name":"(anonymous_0)","decl":{"start":{"line":15,"column":22},"end":{"line":15,"column":23}},"loc":{"start":{"line":15,"column":28},"end":{"line":89,"column":1}},"line":15}},"branchMap":{},"s":{"0":10,"1":10,"2":10},"f":{"0":10},"b":{},"_coverageSchema":"1a1c01bbd47fc00a2c39e90264f33305004495a9","hash":"36f481024a5428ba5daa9d6fd46464a0c1ed7471"}
,"/Users/hansen/Documents/GitHub/shredindex-frontend/src/stories/Resort/ResortCard.stories.js": {"path":"/Users/hansen/Documents/GitHub/shredindex-frontend/src/stories/Resort/ResortCard.stories.js","statementMap":{"0":{"start":{"line":26,"column":26},"end":{"line":239,"column":1}},"1":{"start":{"line":27,"column":24},"end":{"line":27,"column":28}},"2":{"start":{"line":28,"column":16},"end":{"line":140,"column":3}},"3":{"start":{"line":142,"column":22},"end":{"line":162,"column":3}},"4":{"start":{"line":164,"column":27},"end":{"line":204,"column":3}},"5":{"start":{"line":206,"column":2},"end":{"line":208,"column":3}},"6":{"start":{"line":207,"column":4},"end":{"line":207,"column":34}},"7":{"start":{"line":212,"column":2},"end":{"line":222,"column":3}},"8":{"start":{"line":214,"column":6},"end":{"line":214,"column":41}},"9":{"start":{"line":215,"column":6},"end":{"line":215,"column":12}},"10":{"start":{"line":217,"column":6},"end":{"line":217,"column":36}},"11":{"start":{"line":218,"column":6},"end":{"line":218,"column":12}},"12":{"start":{"line":220,"column":6},"end":{"line":220,"column":30}},"13":{"start":{"line":221,"column":6},"end":{"line":221,"column":12}},"14":{"start":{"line":224,"column":2},"end":{"line":238,"column":4}}},"fnMap":{"0":{"name":"(anonymous_0)","decl":{"start":{"line":26,"column":26},"end":{"line":26,"column":27}},"loc":{"start":{"line":26,"column":36},"end":{"line":239,"column":1}},"line":26}},"branchMap":{"0":{"loc":{"start":{"line":206,"column":2},"end":{"line":208,"column":3}},"type":"if","locations":[{"start":{"line":206,"column":2},"end":{"line":208,"column":3}},{"start":{},"end":{}}],"line":206},"1":{"loc":{"start":{"line":212,"column":2},"end":{"line":222,"column":3}},"type":"switch","locations":[{"start":{"line":213,"column":4},"end":{"line":215,"column":12}},{"start":{"line":216,"column":4},"end":{"line":218,"column":12}},{"start":{"line":219,"column":4},"end":{"line":221,"column":12}}],"line":212}},"s":{"0":54,"1":54,"2":54,"3":54,"4":54,"5":54,"6":2,"7":52,"8":5,"9":5,"10":4,"11":4,"12":43,"13":43,"14":52},"f":{"0":54},"b":{"0":[2,52],"1":[5,4,43]},"_coverageSchema":"1a1c01bbd47fc00a2c39e90264f33305004495a9","hash":"169f2550cda5f4325e9764c63fe0a6a130d1f0a1"}
,"/Users/hansen/Documents/GitHub/shredindex-frontend/src/stories/components/Footer/Footer.stories.js": {"path":"/Users/hansen/Documents/GitHub/shredindex-frontend/src/stories/components/Footer/Footer.stories.js","statementMap":{"0":{"start":{"line":16,"column":22},"end":{"line":68,"column":1}},"1":{"start":{"line":17,"column":16},"end":{"line":59,"column":3}},"2":{"start":{"line":61,"column":2},"end":{"line":67,"column":4}}},"fnMap":{"0":{"name":"(anonymous_0)","decl":{"start":{"line":16,"column":22},"end":{"line":16,"column":23}},"loc":{"start":{"line":16,"column":28},"end":{"line":68,"column":1}},"line":16}},"branchMap":{},"s":{"0":33,"1":33,"2":33},"f":{"0":33},"b":{},"_coverageSchema":"1a1c01bbd47fc00a2c39e90264f33305004495a9","hash":"e80e7046e6ec30ec81e4bd4b34ab509c5249bb19"}
,"/Users/hansen/Documents/GitHub/shredindex-frontend/src/stories/components/Header/Header.stories.js": {"path":"/Users/hansen/Documents/GitHub/shredindex-frontend/src/stories/components/Header/Header.stories.js","statementMap":{"0":{"start":{"line":16,"column":22},"end":{"line":61,"column":1}},"1":{"start":{"line":17,"column":16},"end":{"line":44,"column":3}},"2":{"start":{"line":46,"column":40},"end":{"line":46,"column":55}},"3":{"start":{"line":47,"column":19},"end":{"line":47,"column":82}},"4":{"start":{"line":47,"column":34},"end":{"line":47,"column":65}},"5":{"start":{"line":49,"column":2},"end":{"line":60,"column":4}}},"fnMap":{"0":{"name":"(anonymous_0)","decl":{"start":{"line":16,"column":22},"end":{"line":16,"column":23}},"loc":{"start":{"line":16,"column":28},"end":{"line":61,"column":1}},"line":16},"1":{"name":"(anonymous_1)","decl":{"start":{"line":47,"column":27},"end":{"line":47,"column":28}},"loc":{"start":{"line":47,"column":34},"end":{"line":47,"column":65}},"line":47}},"branchMap":{},"s":{"0":15,"1":21,"2":21,"3":21,"4":21,"5":21},"f":{"0":21,"1":21},"b":{},"_coverageSchema":"1a1c01bbd47fc00a2c39e90264f33305004495a9","hash":"260badd618f3c1c35623291f6721db4a1b892bd1"}
,"/Users/hansen/Documents/GitHub/shredindex-frontend/src/stories/components/SupportBanner/SupportBanner.stories.js": {"path":"/Users/hansen/Documents/GitHub/shredindex-frontend/src/stories/components/SupportBanner/SupportBanner.stories.js","statementMap":{"0":{"start":{"line":15,"column":29},"end":{"line":82,"column":1}},"1":{"start":{"line":16,"column":16},"end":{"line":73,"column":3}},"2":{"start":{"line":75,"column":2},"end":{"line":81,"column":4}}},"fnMap":{"0":{"name":"(anonymous_0)","decl":{"start":{"line":15,"column":29},"end":{"line":15,"column":30}},"loc":{"start":{"line":15,"column":35},"end":{"line":82,"column":1}},"line":15}},"branchMap":{},"s":{"0":9,"1":9,"2":9},"f":{"0":9},"b":{},"_coverageSchema":"1a1c01bbd47fc00a2c39e90264f33305004495a9","hash":"6219504f9f1e18662ccda2a665810e6df077164e"}
}
