{"/Users/hansen/Documents/GitHub/shredindex-frontend/.storybook/preview.js": {"path":"/Users/hansen/Documents/GitHub/shredindex-frontend/.storybook/preview.js","statementMap":{"0":{"start":{"line":6,"column":24},"end":{"line":6,"column":85}}},"fnMap":{"0":{"name":"(anonymous_0)","decl":{"start":{"line":6,"column":15},"end":{"line":6,"column":16}},"loc":{"start":{"line":6,"column":24},"end":{"line":6,"column":85}},"line":6}},"branchMap":{},"s":{"0":529},"f":{"0":529},"b":{},"_coverageSchema":"1a1c01bbd47fc00a2c39e90264f33305004495a9","hash":"15890c72a39f15d275f22706f832941d2f36ed28"}
,"/Users/hansen/Documents/GitHub/shredindex-frontend/cypress/e2e/RankedResortList/dummyResortOne.js": {"path":"/Users/hansen/Documents/GitHub/shredindex-frontend/cypress/e2e/RankedResortList/dummyResortOne.js","statementMap":{"0":{"start":{"line":1,"column":18},"end":{"line":118,"column":1}}},"fnMap":{},"branchMap":{},"s":{"0":41},"f":{},"b":{},"_coverageSchema":"1a1c01bbd47fc00a2c39e90264f33305004495a9","hash":"3a1d85a602c32570cc89513db69f30d43269d5fd"}
,"/Users/hansen/Documents/GitHub/shredindex-frontend/cypress/e2e/RankedResortList/dummyResortTwo.js": {"path":"/Users/hansen/Documents/GitHub/shredindex-frontend/cypress/e2e/RankedResortList/dummyResortTwo.js","statementMap":{"0":{"start":{"line":1,"column":18},"end":{"line":92,"column":1}}},"fnMap":{},"branchMap":{},"s":{"0":41},"f":{},"b":{},"_coverageSchema":"1a1c01bbd47fc00a2c39e90264f33305004495a9","hash":"e0e12d6dbba0e967f8168b9166c24ce3b22cf3f9"}
,"/Users/hansen/Documents/GitHub/shredindex-frontend/cypress/support/commands.js": {"path":"/Users/hansen/Documents/GitHub/shredindex-frontend/cypress/support/commands.js","statementMap":{},"fnMap":{},"branchMap":{},"s":{},"f":{},"b":{},"_coverageSchema":"1a1c01bbd47fc00a2c39e90264f33305004495a9","hash":"2fadfbfa5532f6d97617c71af8251140a02b9ea9"}
,"/Users/hansen/Documents/GitHub/shredindex-frontend/cypress/support/e2e.js": {"path":"/Users/hansen/Documents/GitHub/shredindex-frontend/cypress/support/e2e.js","statementMap":{},"fnMap":{},"branchMap":{},"s":{},"f":{},"b":{},"_coverageSchema":"1a1c01bbd47fc00a2c39e90264f33305004495a9","hash":"9185463d8ea7b7d6248003a5b244ca618e200c01"}
,"/Users/hansen/Documents/GitHub/shredindex-frontend/src/js/components/Debug/Debug.js": {"path":"/Users/hansen/Documents/GitHub/shredindex-frontend/src/js/components/Debug/Debug.js","statementMap":{"0":{"start":{"line":4,"column":34},"end":{"line":8,"column":1}},"1":{"start":{"line":10,"column":14},"end":{"line":27,"column":1}},"2":{"start":{"line":11,"column":35},"end":{"line":11,"column":63}},"3":{"start":{"line":13,"column":2},"end":{"line":15,"column":3}},"4":{"start":{"line":14,"column":4},"end":{"line":14,"column":24}},"5":{"start":{"line":17,"column":2},"end":{"line":20,"column":3}},"6":{"start":{"line":19,"column":4},"end":{"line":19,"column":36}},"7":{"start":{"line":22,"column":26},"end":{"line":22,"column":30}},"8":{"start":{"line":24,"column":2},"end":{"line":26,"column":48}},"9":{"start":{"line":29,"column":17},"end":{"line":29,"column":40}},"10":{"start":{"line":29,"column":23},"end":{"line":29,"column":40}}},"fnMap":{"0":{"name":"(anonymous_0)","decl":{"start":{"line":10,"column":14},"end":{"line":10,"column":15}},"loc":{"start":{"line":10,"column":20},"end":{"line":27,"column":1}},"line":10},"1":{"name":"(anonymous_1)","decl":{"start":{"line":29,"column":17},"end":{"line":29,"column":18}},"loc":{"start":{"line":29,"column":23},"end":{"line":29,"column":40}},"line":29}},"branchMap":{"0":{"loc":{"start":{"line":13,"column":2},"end":{"line":15,"column":3}},"type":"if","locations":[{"start":{"line":13,"column":2},"end":{"line":15,"column":3}},{"start":{},"end":{}}],"line":13},"1":{"loc":{"start":{"line":17,"column":2},"end":{"line":20,"column":3}},"type":"if","locations":[{"start":{"line":17,"column":2},"end":{"line":20,"column":3}},{"start":{},"end":{}}],"line":17},"2":{"loc":{"start":{"line":24,"column":9},"end":{"line":26,"column":47}},"type":"cond-expr","locations":[{"start":{"line":25,"column":6},"end":{"line":25,"column":50}},{"start":{"line":26,"column":6},"end":{"line":26,"column":47}}],"line":24}},"s":{"0":30,"1":30,"2":60,"3":60,"4":30,"5":30,"6":0,"7":30,"8":30,"9":30,"10":30},"f":{"0":60,"1":30},"b":{"0":[30,30],"1":[0,30],"2":[15,15]},"_coverageSchema":"1a1c01bbd47fc00a2c39e90264f33305004495a9","hash":"4748a900faf492fb547fc3f2229e1885130363c0"}
,"/Users/hansen/Documents/GitHub/shredindex-frontend/src/js/components/DynamicLayout/DynamicLayout.js": {"path":"/Users/hansen/Documents/GitHub/shredindex-frontend/src/js/components/DynamicLayout/DynamicLayout.js","statementMap":{"0":{"start":{"line":15,"column":22},"end":{"line":52,"column":1}},"1":{"start":{"line":16,"column":22},"end":{"line":16,"column":45}},"2":{"start":{"line":17,"column":31},"end":{"line":17,"column":48}},"3":{"start":{"line":18,"column":35},"end":{"line":23,"column":3}},"4":{"start":{"line":25,"column":2},"end":{"line":27,"column":3}},"5":{"start":{"line":26,"column":4},"end":{"line":26,"column":16}},"6":{"start":{"line":29,"column":22},"end":{"line":29,"column":26}},"7":{"start":{"line":32,"column":2},"end":{"line":36,"column":3}},"8":{"start":{"line":38,"column":64},"end":{"line":38,"column":68}},"9":{"start":{"line":40,"column":20},"end":{"line":40,"column":35}},"10":{"start":{"line":42,"column":2},"end":{"line":51,"column":4}},"11":{"start":{"line":54,"column":0},"end":{"line":56,"column":2}}},"fnMap":{"0":{"name":"(anonymous_0)","decl":{"start":{"line":15,"column":22},"end":{"line":15,"column":23}},"loc":{"start":{"line":15,"column":35},"end":{"line":52,"column":1}},"line":15}},"branchMap":{"0":{"loc":{"start":{"line":25,"column":2},"end":{"line":27,"column":3}},"type":"if","locations":[{"start":{"line":25,"column":2},"end":{"line":27,"column":3}},{"start":{},"end":{}}],"line":25},"1":{"loc":{"start":{"line":25,"column":6},"end":{"line":25,"column":22}},"type":"binary-expr","locations":[{"start":{"line":25,"column":6},"end":{"line":25,"column":13}},{"start":{"line":25,"column":17},"end":{"line":25,"column":22}}],"line":25},"2":{"loc":{"start":{"line":32,"column":2},"end":{"line":36,"column":3}},"type":"if","locations":[{"start":{},"end":{}}],"line":32}},"s":{"0":30,"1":150,"2":150,"3":150,"4":150,"5":90,"6":60,"7":60,"8":60,"9":60,"10":60,"11":30},"f":{"0":150},"b":{"0":[90,60],"1":[150,75],"2":[60]},"_coverageSchema":"1a1c01bbd47fc00a2c39e90264f33305004495a9","hash":"2bea1d51988cda5b02108779bd2d3267ab279df2"}
,"/Users/hansen/Documents/GitHub/shredindex-frontend/src/js/components/DynamicLink/DynamicLink.js": {"path":"/Users/hansen/Documents/GitHub/shredindex-frontend/src/js/components/DynamicLink/DynamicLink.js","statementMap":{"0":{"start":{"line":10,"column":20},"end":{"line":22,"column":1}},"1":{"start":{"line":11,"column":17},"end":{"line":11,"column":34}},"2":{"start":{"line":13,"column":2},"end":{"line":21,"column":4}},"3":{"start":{"line":17,"column":25},"end":{"line":17,"column":55}},"4":{"start":{"line":24,"column":0},"end":{"line":30,"column":2}}},"fnMap":{"0":{"name":"(anonymous_0)","decl":{"start":{"line":10,"column":20},"end":{"line":10,"column":21}},"loc":{"start":{"line":10,"column":53},"end":{"line":22,"column":1}},"line":10},"1":{"name":"(anonymous_1)","decl":{"start":{"line":17,"column":19},"end":{"line":17,"column":20}},"loc":{"start":{"line":17,"column":25},"end":{"line":17,"column":55}},"line":17}},"branchMap":{},"s":{"0":15,"1":15,"2":15,"3":15,"4":15},"f":{"0":15,"1":15},"b":{},"_coverageSchema":"1a1c01bbd47fc00a2c39e90264f33305004495a9","hash":"767d41ca5b84ab8bd7d73d7b860c98a3e5a70c1e"}
,"/Users/hansen/Documents/GitHub/shredindex-frontend/src/js/components/DynamicSwitch/DynamicSwitch.js": {"path":"/Users/hansen/Documents/GitHub/shredindex-frontend/src/js/components/DynamicSwitch/DynamicSwitch.js","statementMap":{"0":{"start":{"line":12,"column":20},"end":{"line":24,"column":1}},"1":{"start":{"line":13,"column":23},"end":{"line":13,"column":36}},"2":{"start":{"line":15,"column":2},"end":{"line":21,"column":17}},"3":{"start":{"line":16,"column":4},"end":{"line":20,"column":7}},"4":{"start":{"line":23,"column":2},"end":{"line":23,"column":14}},"5":{"start":{"line":26,"column":31},"end":{"line":32,"column":1}},"6":{"start":{"line":35,"column":22},"end":{"line":61,"column":1}},"7":{"start":{"line":36,"column":28},"end":{"line":36,"column":53}},"8":{"start":{"line":38,"column":2},"end":{"line":40,"column":3}},"9":{"start":{"line":39,"column":4},"end":{"line":39,"column":16}},"10":{"start":{"line":42,"column":23},"end":{"line":42,"column":27}},"11":{"start":{"line":45,"column":2},"end":{"line":47,"column":3}},"12":{"start":{"line":49,"column":2},"end":{"line":60,"column":4}},"13":{"start":{"line":54,"column":10},"end":{"line":56,"column":18}},"14":{"start":{"line":35,"column":22},"end":{"line":59,"column":1}},"15":{"start":{"line":49,"column":2},"end":{"line":58,"column":4}},"16":{"start":{"line":54,"column":12},"end":{"line":54,"column":86}}},"fnMap":{"0":{"name":"(anonymous_0)","decl":{"start":{"line":12,"column":20},"end":{"line":12,"column":21}},"loc":{"start":{"line":12,"column":26},"end":{"line":24,"column":1}},"line":12},"1":{"name":"(anonymous_1)","decl":{"start":{"line":15,"column":12},"end":{"line":15,"column":13}},"loc":{"start":{"line":15,"column":18},"end":{"line":21,"column":3}},"line":15},"2":{"name":"(anonymous_2)","decl":{"start":{"line":35,"column":22},"end":{"line":35,"column":23}},"loc":{"start":{"line":35,"column":28},"end":{"line":61,"column":1}},"line":35},"3":{"name":"(anonymous_3)","decl":{"start":{"line":53,"column":22},"end":{"line":53,"column":23}},"loc":{"start":{"line":54,"column":10},"end":{"line":56,"column":18}},"line":54},"4":{"name":"(anonymous_2)","decl":{"start":{"line":35,"column":22},"end":{"line":35,"column":23}},"loc":{"start":{"line":35,"column":28},"end":{"line":59,"column":1}},"line":35},"5":{"name":"(anonymous_3)","decl":{"start":{"line":53,"column":24},"end":{"line":53,"column":25}},"loc":{"start":{"line":54,"column":12},"end":{"line":54,"column":86}},"line":54}},"branchMap":{"0":{"loc":{"start":{"line":38,"column":2},"end":{"line":40,"column":3}},"type":"if","locations":[{"start":{"line":38,"column":2},"end":{"line":40,"column":3}},{"start":{},"end":{}}],"line":38},"1":{"loc":{"start":{"line":45,"column":2},"end":{"line":47,"column":3}},"type":"if","locations":[{"start":{},"end":{}}],"line":45},"2":{"loc":{"start":{"line":45,"column":6},"end":{"line":45,"column":35}},"type":"binary-expr","locations":[{"start":{"line":45,"column":6},"end":{"line":45,"column":15}},{"start":{"line":45,"column":19},"end":{"line":45,"column":35}}],"line":45}},"s":{"0":15,"1":30,"2":30,"3":30,"4":30,"5":15,"6":14,"7":62,"8":60,"9":30,"10":30,"11":30,"12":28,"13":58,"14":15,"15":30,"16":60},"f":{"0":30,"1":30,"2":57,"3":61,"4":62,"5":60},"b":{"0":[30,30],"1":[30],"2":[30,30]},"_coverageSchema":"1a1c01bbd47fc00a2c39e90264f33305004495a9","hash":"280b03848186eee62f385f9bf2e6e7a3e3982d5b"}
,"/Users/hansen/Documents/GitHub/shredindex-frontend/src/js/components/ViewContext/ViewContext.js": {"path":"/Users/hansen/Documents/GitHub/shredindex-frontend/src/js/components/ViewContext/ViewContext.js","statementMap":{"0":{"start":{"line":3,"column":20},"end":{"line":3,"column":45}}},"fnMap":{},"branchMap":{},"s":{"0":45},"f":{},"b":{},"_coverageSchema":"1a1c01bbd47fc00a2c39e90264f33305004495a9","hash":"2579465252d014e77e1d22f6573256060665e3da"}
,"/Users/hansen/Documents/GitHub/shredindex-frontend/src/js/components/tests/NoCacheMockedProvider/NoCacheMockedProvider.js": {"path":"/Users/hansen/Documents/GitHub/shredindex-frontend/src/js/components/tests/NoCacheMockedProvider/NoCacheMockedProvider.js","statementMap":{"0":{"start":{"line":6,"column":33},"end":{"line":11,"column":2}},"1":{"start":{"line":6,"column":39},"end":{"line":11,"column":2}},"2":{"start":{"line":13,"column":30},"end":{"line":27,"column":1}},"3":{"start":{"line":14,"column":23},"end":{"line":14,"column":28}},"4":{"start":{"line":15,"column":2},"end":{"line":26,"column":4}},"5":{"start":{"line":29,"column":0},"end":{"line":32,"column":2}}},"fnMap":{"0":{"name":"(anonymous_0)","decl":{"start":{"line":6,"column":33},"end":{"line":6,"column":34}},"loc":{"start":{"line":6,"column":39},"end":{"line":11,"column":2}},"line":6},"1":{"name":"(anonymous_1)","decl":{"start":{"line":13,"column":30},"end":{"line":13,"column":31}},"loc":{"start":{"line":13,"column":41},"end":{"line":27,"column":1}},"line":13}},"branchMap":{},"s":{"0":75,"1":30,"2":75,"3":167,"4":165,"5":75},"f":{"0":30,"1":167},"b":{},"_coverageSchema":"1a1c01bbd47fc00a2c39e90264f33305004495a9","hash":"15975038506f8bf8ca9e5723cff1c5bb53ed2771"}
,"/Users/hansen/Documents/GitHub/shredindex-frontend/src/js/hooks/useQueryResorts.js": {"path":"/Users/hansen/Documents/GitHub/shredindex-frontend/src/js/hooks/useQueryResorts.js","statementMap":{"0":{"start":{"line":4,"column":29},"end":{"line":73,"column":1}},"1":{"start":{"line":75,"column":24},"end":{"line":83,"column":1}},"2":{"start":{"line":75,"column":41},"end":{"line":83,"column":1}}},"fnMap":{"0":{"name":"(anonymous_0)","decl":{"start":{"line":75,"column":24},"end":{"line":75,"column":25}},"loc":{"start":{"line":75,"column":41},"end":{"line":83,"column":1}},"line":75}},"branchMap":{},"s":{"0":86,"1":86,"2":91},"f":{"0":91},"b":{},"_coverageSchema":"1a1c01bbd47fc00a2c39e90264f33305004495a9","hash":"85e04f3d1189fadee11e76bb79dfa0f5b21ae768"}
,"/Users/hansen/Documents/GitHub/shredindex-frontend/src/js/hooks/useStaticMenu.js": {"path":"/Users/hansen/Documents/GitHub/shredindex-frontend/src/js/hooks/useStaticMenu.js","statementMap":{"0":{"start":{"line":6,"column":33},"end":{"line":19,"column":1}},"1":{"start":{"line":21,"column":31},"end":{"line":24,"column":2}},"2":{"start":{"line":21,"column":42},"end":{"line":24,"column":1}},"3":{"start":{"line":29,"column":22},"end":{"line":60,"column":1}},"4":{"start":{"line":30,"column":31},"end":{"line":30,"column":52}},"5":{"start":{"line":31,"column":35},"end":{"line":36,"column":3}},"6":{"start":{"line":37,"column":23},"end":{"line":37,"column":36}},"7":{"start":{"line":39,"column":16},"end":{"line":57,"column":3}},"8":{"start":{"line":41,"column":6},"end":{"line":44,"column":7}},"9":{"start":{"line":43,"column":8},"end":{"line":43,"column":18}},"10":{"start":{"line":46,"column":44},"end":{"line":46,"column":48}},"11":{"start":{"line":49,"column":6},"end":{"line":54,"column":9}},"12":{"start":{"line":50,"column":37},"end":{"line":50,"column":54}},"13":{"start":{"line":51,"column":26},"end":{"line":51,"column":45}},"14":{"start":{"line":53,"column":8},"end":{"line":53,"column":51}},"15":{"start":{"line":59,"column":2},"end":{"line":59,"column":35}}},"fnMap":{"0":{"name":"(anonymous_0)","decl":{"start":{"line":21,"column":31},"end":{"line":21,"column":32}},"loc":{"start":{"line":21,"column":42},"end":{"line":24,"column":1}},"line":21},"1":{"name":"(anonymous_1)","decl":{"start":{"line":29,"column":22},"end":{"line":29,"column":23}},"loc":{"start":{"line":29,"column":32},"end":{"line":60,"column":1}},"line":29},"2":{"name":"(anonymous_2)","decl":{"start":{"line":40,"column":4},"end":{"line":40,"column":5}},"loc":{"start":{"line":40,"column":10},"end":{"line":55,"column":5}},"line":40},"3":{"name":"(anonymous_3)","decl":{"start":{"line":49,"column":27},"end":{"line":49,"column":28}},"loc":{"start":{"line":49,"column":37},"end":{"line":54,"column":7}},"line":49}},"branchMap":{"0":{"loc":{"start":{"line":41,"column":6},"end":{"line":44,"column":7}},"type":"if","locations":[{"start":{"line":41,"column":6},"end":{"line":44,"column":7}},{"start":{},"end":{}}],"line":41}},"s":{"0":36,"1":36,"2":114,"3":36,"4":114,"5":114,"6":114,"7":114,"8":81,"9":51,"10":30,"11":30,"12":60,"13":60,"14":60,"15":114},"f":{"0":114,"1":114,"2":81,"3":60},"b":{"0":[51,30]},"_coverageSchema":"1a1c01bbd47fc00a2c39e90264f33305004495a9","hash":"31dcb8f99c65851a8ef47f20540c8f0a1901dcaf"}
,"/Users/hansen/Documents/GitHub/shredindex-frontend/src/js/hooks/useSuspenseQuery.js": {"path":"/Users/hansen/Documents/GitHub/shredindex-frontend/src/js/hooks/useSuspenseQuery.js","statementMap":{"0":{"start":{"line":8,"column":25},"end":{"line":12,"column":1}},"1":{"start":{"line":9,"column":17},"end":{"line":9,"column":34}},"2":{"start":{"line":11,"column":2},"end":{"line":11,"column":66}},"3":{"start":{"line":11,"column":23},"end":{"line":11,"column":53}}},"fnMap":{"0":{"name":"(anonymous_0)","decl":{"start":{"line":8,"column":25},"end":{"line":8,"column":26}},"loc":{"start":{"line":8,"column":38},"end":{"line":12,"column":1}},"line":8},"1":{"name":"(anonymous_1)","decl":{"start":{"line":11,"column":17},"end":{"line":11,"column":18}},"loc":{"start":{"line":11,"column":23},"end":{"line":11,"column":53}},"line":11}},"branchMap":{},"s":{"0":15,"1":45,"2":45,"3":45},"f":{"0":45,"1":45},"b":{},"_coverageSchema":"1a1c01bbd47fc00a2c39e90264f33305004495a9","hash":"46af17ab0f65e48c38d2e6d96b3ba0e5a4e3b3d3"}
,"/Users/hansen/Documents/GitHub/shredindex-frontend/src/js/hooks/tests/TestSuspenseQuery.js": {"path":"/Users/hansen/Documents/GitHub/shredindex-frontend/src/js/hooks/tests/TestSuspenseQuery.js","statementMap":{"0":{"start":{"line":9,"column":26},"end":{"line":18,"column":1}},"1":{"start":{"line":10,"column":16},"end":{"line":10,"column":41}},"2":{"start":{"line":13,"column":2},"end":{"line":15,"column":3}},"3":{"start":{"line":14,"column":4},"end":{"line":14,"column":20}},"4":{"start":{"line":17,"column":2},"end":{"line":17,"column":50}},"5":{"start":{"line":20,"column":0},"end":{"line":25,"column":2}}},"fnMap":{"0":{"name":"(anonymous_0)","decl":{"start":{"line":9,"column":26},"end":{"line":9,"column":27}},"loc":{"start":{"line":9,"column":53},"end":{"line":18,"column":1}},"line":9}},"branchMap":{"0":{"loc":{"start":{"line":13,"column":2},"end":{"line":15,"column":3}},"type":"if","locations":[{"start":{"line":13,"column":2},"end":{"line":15,"column":3}},{"start":{},"end":{}}],"line":13}},"s":{"0":15,"1":45,"2":45,"3":45,"4":45,"5":15},"f":{"0":45},"b":{"0":[45,0]},"_coverageSchema":"1a1c01bbd47fc00a2c39e90264f33305004495a9","hash":"96e8a0b572f9d116bc705f12a7f8c2ca9ae92bb5"}
,"/Users/hansen/Documents/GitHub/shredindex-frontend/src/js/utility/query-cms-page.js": {"path":"/Users/hansen/Documents/GitHub/shredindex-frontend/src/js/utility/query-cms-page.js","statementMap":{"0":{"start":{"line":3,"column":30},"end":{"line":13,"column":1}},"1":{"start":{"line":19,"column":21},"end":{"line":22,"column":2}},"2":{"start":{"line":19,"column":31},"end":{"line":22,"column":1}}},"fnMap":{"0":{"name":"(anonymous_0)","decl":{"start":{"line":19,"column":21},"end":{"line":19,"column":22}},"loc":{"start":{"line":19,"column":31},"end":{"line":22,"column":1}},"line":19}},"branchMap":{},"s":{"0":45,"1":45,"2":255},"f":{"0":255},"b":{},"_coverageSchema":"1a1c01bbd47fc00a2c39e90264f33305004495a9","hash":"ceb8026bdd8dea37e8d922b945e25a9213556a08"}
,"/Users/hansen/Documents/GitHub/shredindex-frontend/src/js/utility/suspense-query.js": {"path":"/Users/hansen/Documents/GitHub/shredindex-frontend/src/js/utility/suspense-query.js","statementMap":{"0":{"start":{"line":1,"column":17},"end":{"line":5,"column":1}},"1":{"start":{"line":7,"column":20},"end":{"line":7,"column":34}},"2":{"start":{"line":12,"column":22},"end":{"line":56,"column":1}},"3":{"start":{"line":13,"column":15},"end":{"line":13,"column":31}},"4":{"start":{"line":17,"column":17},"end":{"line":32,"column":4}},"5":{"start":{"line":18,"column":4},"end":{"line":21,"column":5}},"6":{"start":{"line":20,"column":6},"end":{"line":20,"column":50}},"7":{"start":{"line":23,"column":4},"end":{"line":28,"column":5}},"8":{"start":{"line":26,"column":6},"end":{"line":27,"column":66}},"9":{"start":{"line":31,"column":4},"end":{"line":31,"column":51}},"10":{"start":{"line":35,"column":20},"end":{"line":43,"column":6}},"11":{"start":{"line":37,"column":6},"end":{"line":37,"column":32}},"12":{"start":{"line":38,"column":6},"end":{"line":38,"column":20}},"13":{"start":{"line":41,"column":6},"end":{"line":41,"column":30}},"14":{"start":{"line":42,"column":6},"end":{"line":42,"column":19}},"15":{"start":{"line":45,"column":2},"end":{"line":55,"column":4}},"16":{"start":{"line":47,"column":6},"end":{"line":53,"column":7}},"17":{"start":{"line":48,"column":8},"end":{"line":48,"column":24}},"18":{"start":{"line":49,"column":13},"end":{"line":53,"column":7}},"19":{"start":{"line":50,"column":8},"end":{"line":50,"column":21}},"20":{"start":{"line":52,"column":8},"end":{"line":52,"column":22}}},"fnMap":{"0":{"name":"(anonymous_0)","decl":{"start":{"line":12,"column":22},"end":{"line":12,"column":23}},"loc":{"start":{"line":12,"column":43},"end":{"line":56,"column":1}},"line":12},"1":{"name":"(anonymous_1)","decl":{"start":{"line":17,"column":29},"end":{"line":17,"column":30}},"loc":{"start":{"line":17,"column":40},"end":{"line":32,"column":3}},"line":17},"2":{"name":"(anonymous_2)","decl":{"start":{"line":36,"column":10},"end":{"line":36,"column":11}},"loc":{"start":{"line":36,"column":20},"end":{"line":39,"column":5}},"line":36},"3":{"name":"(anonymous_3)","decl":{"start":{"line":40,"column":11},"end":{"line":40,"column":12}},"loc":{"start":{"line":40,"column":20},"end":{"line":43,"column":5}},"line":40},"4":{"name":"(anonymous_4)","decl":{"start":{"line":46,"column":4},"end":{"line":46,"column":5}},"loc":{"start":{"line":46,"column":11},"end":{"line":54,"column":5}},"line":46}},"branchMap":{"0":{"loc":{"start":{"line":18,"column":4},"end":{"line":21,"column":5}},"type":"if","locations":[{"start":{"line":18,"column":4},"end":{"line":21,"column":5}},{"start":{},"end":{}}],"line":18},"1":{"loc":{"start":{"line":23,"column":4},"end":{"line":28,"column":5}},"type":"if","locations":[{"start":{"line":23,"column":4},"end":{"line":28,"column":5}},{"start":{},"end":{}}],"line":23},"2":{"loc":{"start":{"line":23,"column":8},"end":{"line":24,"column":67}},"type":"binary-expr","locations":[{"start":{"line":23,"column":8},"end":{"line":23,"column":61}},{"start":{"line":24,"column":9},"end":{"line":24,"column":67}}],"line":23},"3":{"loc":{"start":{"line":47,"column":6},"end":{"line":53,"column":7}},"type":"if","locations":[{"start":{"line":47,"column":6},"end":{"line":53,"column":7}},{"start":{"line":49,"column":13},"end":{"line":53,"column":7}}],"line":47},"4":{"loc":{"start":{"line":49,"column":13},"end":{"line":53,"column":7}},"type":"if","locations":[{"start":{"line":49,"column":13},"end":{"line":53,"column":7}},{"start":{"line":51,"column":13},"end":{"line":53,"column":7}}],"line":49}},"s":{"0":15,"1":15,"2":15,"3":75,"4":75,"5":75,"6":45,"7":30,"8":30,"9":0,"10":45,"11":45,"12":45,"13":0,"14":0,"15":45,"16":75,"17":45,"18":30,"19":0,"20":30},"f":{"0":75,"1":75,"2":45,"3":0,"4":75},"b":{"0":[45,30],"1":[30,0],"2":[30,15],"3":[45,30],"4":[0,30]},"_coverageSchema":"1a1c01bbd47fc00a2c39e90264f33305004495a9","hash":"9ad1bffccbc94211979ed0a0d33c38c4c0190393"}
,"/Users/hansen/Documents/GitHub/shredindex-frontend/src/stories/RankedResortFilter/RankedResortFilterTray.stories.js": {"path":"/Users/hansen/Documents/GitHub/shredindex-frontend/src/stories/RankedResortFilter/RankedResortFilterTray.stories.js","statementMap":{"0":{"start":{"line":12,"column":26},"end":{"line":18,"column":1}},"1":{"start":{"line":13,"column":2},"end":{"line":17,"column":17}}},"fnMap":{"0":{"name":"(anonymous_0)","decl":{"start":{"line":12,"column":26},"end":{"line":12,"column":27}},"loc":{"start":{"line":13,"column":2},"end":{"line":17,"column":17}},"line":13}},"branchMap":{},"s":{"0":13,"1":13},"f":{"0":13},"b":{},"_coverageSchema":"1a1c01bbd47fc00a2c39e90264f33305004495a9","hash":"1f2d24095ec650647e4c7ed7616fb8dfd9bd7cae"}
,"/Users/hansen/Documents/GitHub/shredindex-frontend/src/stories/RankedResortFilter/RankedResortFilters.stories.js": {"path":"/Users/hansen/Documents/GitHub/shredindex-frontend/src/stories/RankedResortFilter/RankedResortFilters.stories.js","statementMap":{"0":{"start":{"line":11,"column":23},"end":{"line":15,"column":1}},"1":{"start":{"line":12,"column":2},"end":{"line":14,"column":17}}},"fnMap":{"0":{"name":"(anonymous_0)","decl":{"start":{"line":11,"column":23},"end":{"line":11,"column":24}},"loc":{"start":{"line":12,"column":2},"end":{"line":14,"column":17}},"line":12}},"branchMap":{},"s":{"0":19,"1":19},"f":{"0":19},"b":{},"_coverageSchema":"1a1c01bbd47fc00a2c39e90264f33305004495a9","hash":"0b3785f3db64837b139f31e10ff05db0f7995c08"}
,"/Users/hansen/Documents/GitHub/shredindex-frontend/src/stories/Resort/RankedResortList.stories.js": {"path":"/Users/hansen/Documents/GitHub/shredindex-frontend/src/stories/Resort/RankedResortList.stories.js","statementMap":{"0":{"start":{"line":34,"column":32},"end":{"line":203,"column":1}},"1":{"start":{"line":35,"column":24},"end":{"line":35,"column":28}},"2":{"start":{"line":36,"column":20},"end":{"line":36,"column":21}},"3":{"start":{"line":37,"column":19},"end":{"line":37,"column":21}},"4":{"start":{"line":39,"column":16},"end":{"line":143,"column":3}},"5":{"start":{"line":145,"column":2},"end":{"line":161,"column":3}},"6":{"start":{"line":146,"column":4},"end":{"line":160,"column":6}},"7":{"start":{"line":155,"column":55},"end":{"line":155,"column":56}},"8":{"start":{"line":156,"column":12},"end":{"line":156,"column":46}},"9":{"start":{"line":163,"column":2},"end":{"line":178,"column":3}},"10":{"start":{"line":164,"column":4},"end":{"line":177,"column":6}},"11":{"start":{"line":180,"column":2},"end":{"line":202,"column":4}}},"fnMap":{"0":{"name":"(anonymous_0)","decl":{"start":{"line":34,"column":32},"end":{"line":34,"column":33}},"loc":{"start":{"line":34,"column":42},"end":{"line":203,"column":1}},"line":34},"1":{"name":"(anonymous_1)","decl":{"start":{"line":155,"column":45},"end":{"line":155,"column":46}},"loc":{"start":{"line":155,"column":55},"end":{"line":155,"column":56}},"line":155},"2":{"name":"(anonymous_2)","decl":{"start":{"line":155,"column":62},"end":{"line":155,"column":63}},"loc":{"start":{"line":156,"column":12},"end":{"line":156,"column":46}},"line":156}},"branchMap":{"0":{"loc":{"start":{"line":145,"column":2},"end":{"line":161,"column":3}},"type":"if","locations":[{"start":{"line":145,"column":2},"end":{"line":161,"column":3}},{"start":{},"end":{}}],"line":145},"1":{"loc":{"start":{"line":163,"column":2},"end":{"line":178,"column":3}},"type":"if","locations":[{"start":{"line":163,"column":2},"end":{"line":178,"column":3}},{"start":{},"end":{}}],"line":163}},"s":{"0":32,"1":32,"2":32,"3":32,"4":32,"5":32,"6":9,"7":45,"8":45,"9":23,"10":4,"11":19},"f":{"0":32,"1":45,"2":45},"b":{"0":[9,23],"1":[4,19]},"_coverageSchema":"1a1c01bbd47fc00a2c39e90264f33305004495a9","hash":"655096d45e3cf3a66e03a74e9bf69625645c7aef"}
,"/Users/hansen/Documents/GitHub/shredindex-frontend/src/stories/Resort/Resort.stories.js": {"path":"/Users/hansen/Documents/GitHub/shredindex-frontend/src/stories/Resort/Resort.stories.js","statementMap":{"0":{"start":{"line":15,"column":22},"end":{"line":89,"column":1}},"1":{"start":{"line":16,"column":16},"end":{"line":76,"column":3}},"2":{"start":{"line":78,"column":2},"end":{"line":88,"column":4}}},"fnMap":{"0":{"name":"(anonymous_0)","decl":{"start":{"line":15,"column":22},"end":{"line":15,"column":23}},"loc":{"start":{"line":15,"column":28},"end":{"line":89,"column":1}},"line":15}},"branchMap":{},"s":{"0":10,"1":10,"2":10},"f":{"0":10},"b":{},"_coverageSchema":"1a1c01bbd47fc00a2c39e90264f33305004495a9","hash":"36f481024a5428ba5daa9d6fd46464a0c1ed7471"}
,"/Users/hansen/Documents/GitHub/shredindex-frontend/src/stories/Resort/ResortCard.stories.js": {"path":"/Users/hansen/Documents/GitHub/shredindex-frontend/src/stories/Resort/ResortCard.stories.js","statementMap":{"0":{"start":{"line":26,"column":26},"end":{"line":239,"column":1}},"1":{"start":{"line":27,"column":24},"end":{"line":27,"column":28}},"2":{"start":{"line":28,"column":16},"end":{"line":140,"column":3}},"3":{"start":{"line":142,"column":22},"end":{"line":162,"column":3}},"4":{"start":{"line":164,"column":27},"end":{"line":204,"column":3}},"5":{"start":{"line":206,"column":2},"end":{"line":208,"column":3}},"6":{"start":{"line":207,"column":4},"end":{"line":207,"column":34}},"7":{"start":{"line":212,"column":2},"end":{"line":222,"column":3}},"8":{"start":{"line":214,"column":6},"end":{"line":214,"column":41}},"9":{"start":{"line":215,"column":6},"end":{"line":215,"column":12}},"10":{"start":{"line":217,"column":6},"end":{"line":217,"column":36}},"11":{"start":{"line":218,"column":6},"end":{"line":218,"column":12}},"12":{"start":{"line":220,"column":6},"end":{"line":220,"column":30}},"13":{"start":{"line":221,"column":6},"end":{"line":221,"column":12}},"14":{"start":{"line":224,"column":2},"end":{"line":238,"column":4}}},"fnMap":{"0":{"name":"(anonymous_0)","decl":{"start":{"line":26,"column":26},"end":{"line":26,"column":27}},"loc":{"start":{"line":26,"column":36},"end":{"line":239,"column":1}},"line":26}},"branchMap":{"0":{"loc":{"start":{"line":206,"column":2},"end":{"line":208,"column":3}},"type":"if","locations":[{"start":{"line":206,"column":2},"end":{"line":208,"column":3}},{"start":{},"end":{}}],"line":206},"1":{"loc":{"start":{"line":212,"column":2},"end":{"line":222,"column":3}},"type":"switch","locations":[{"start":{"line":213,"column":4},"end":{"line":215,"column":12}},{"start":{"line":216,"column":4},"end":{"line":218,"column":12}},{"start":{"line":219,"column":4},"end":{"line":221,"column":12}}],"line":212}},"s":{"0":54,"1":54,"2":54,"3":54,"4":54,"5":54,"6":2,"7":52,"8":5,"9":5,"10":4,"11":4,"12":43,"13":43,"14":52},"f":{"0":54},"b":{"0":[2,52],"1":[5,4,43]},"_coverageSchema":"1a1c01bbd47fc00a2c39e90264f33305004495a9","hash":"169f2550cda5f4325e9764c63fe0a6a130d1f0a1"}
,"/Users/hansen/Documents/GitHub/shredindex-frontend/src/stories/components/Footer/Footer.stories.js": {"path":"/Users/hansen/Documents/GitHub/shredindex-frontend/src/stories/components/Footer/Footer.stories.js","statementMap":{"0":{"start":{"line":16,"column":22},"end":{"line":68,"column":1}},"1":{"start":{"line":17,"column":16},"end":{"line":59,"column":3}},"2":{"start":{"line":61,"column":2},"end":{"line":67,"column":4}}},"fnMap":{"0":{"name":"(anonymous_0)","decl":{"start":{"line":16,"column":22},"end":{"line":16,"column":23}},"loc":{"start":{"line":16,"column":28},"end":{"line":68,"column":1}},"line":16}},"branchMap":{},"s":{"0":33,"1":33,"2":33},"f":{"0":33},"b":{},"_coverageSchema":"1a1c01bbd47fc00a2c39e90264f33305004495a9","hash":"e80e7046e6ec30ec81e4bd4b34ab509c5249bb19"}
,"/Users/hansen/Documents/GitHub/shredindex-frontend/src/stories/components/Header/Header.stories.js": {"path":"/Users/hansen/Documents/GitHub/shredindex-frontend/src/stories/components/Header/Header.stories.js","statementMap":{"0":{"start":{"line":16,"column":22},"end":{"line":61,"column":1}},"1":{"start":{"line":17,"column":16},"end":{"line":44,"column":3}},"2":{"start":{"line":46,"column":40},"end":{"line":46,"column":55}},"3":{"start":{"line":47,"column":19},"end":{"line":47,"column":82}},"4":{"start":{"line":47,"column":34},"end":{"line":47,"column":65}},"5":{"start":{"line":49,"column":2},"end":{"line":60,"column":4}}},"fnMap":{"0":{"name":"(anonymous_0)","decl":{"start":{"line":16,"column":22},"end":{"line":16,"column":23}},"loc":{"start":{"line":16,"column":28},"end":{"line":61,"column":1}},"line":16},"1":{"name":"(anonymous_1)","decl":{"start":{"line":47,"column":27},"end":{"line":47,"column":28}},"loc":{"start":{"line":47,"column":34},"end":{"line":47,"column":65}},"line":47}},"branchMap":{},"s":{"0":15,"1":21,"2":21,"3":21,"4":21,"5":21},"f":{"0":21,"1":21},"b":{},"_coverageSchema":"1a1c01bbd47fc00a2c39e90264f33305004495a9","hash":"260badd618f3c1c35623291f6721db4a1b892bd1"}
,"/Users/hansen/Documents/GitHub/shredindex-frontend/src/stories/components/SupportBanner/SupportBanner.stories.js": {"path":"/Users/hansen/Documents/GitHub/shredindex-frontend/src/stories/components/SupportBanner/SupportBanner.stories.js","statementMap":{"0":{"start":{"line":15,"column":29},"end":{"line":82,"column":1}},"1":{"start":{"line":16,"column":16},"end":{"line":73,"column":3}},"2":{"start":{"line":75,"column":2},"end":{"line":81,"column":4}}},"fnMap":{"0":{"name":"(anonymous_0)","decl":{"start":{"line":15,"column":29},"end":{"line":15,"column":30}},"loc":{"start":{"line":15,"column":35},"end":{"line":82,"column":1}},"line":15}},"branchMap":{},"s":{"0":9,"1":9,"2":9},"f":{"0":9},"b":{},"_coverageSchema":"1a1c01bbd47fc00a2c39e90264f33305004495a9","hash":"6219504f9f1e18662ccda2a665810e6df077164e"}
}
